<?xml version="1.0" encoding="UTF-8"?>
<coverage generated="1678202404618" clover="3.2.0">
  <project timestamp="1678202404618" name="All files">
    <metrics statements="412" coveredstatements="400" conditionals="58" coveredconditionals="46" methods="68" coveredmethods="68" elements="538" coveredelements="514" complexity="0" loc="412" ncloc="412" packages="6" files="24" classes="24"/>
    <package name="src">
      <metrics statements="20" coveredstatements="20" conditionals="2" coveredconditionals="1" methods="1" coveredmethods="1"/>
      <file name="app.ts" path="/Users/mauricionascimento/projetos/desafio-final/desafio-final-gama-46-back/src/app.ts">
        <metrics statements="12" coveredstatements="12" conditionals="0" coveredconditionals="0" methods="0" coveredmethods="0"/>
        <line num="1" count="6" type="stmt"/>
        <line num="2" count="6" type="stmt"/>
        <line num="3" count="6" type="stmt"/>
        <line num="4" count="6" type="stmt"/>
        <line num="5" count="6" type="stmt"/>
        <line num="7" count="6" type="stmt"/>
        <line num="8" count="6" type="stmt"/>
        <line num="11" count="6" type="stmt"/>
        <line num="12" count="6" type="stmt"/>
        <line num="13" count="6" type="stmt"/>
        <line num="15" count="6" type="stmt"/>
        <line num="18" count="6" type="stmt"/>
      </file>
      <file name="index.ts" path="/Users/mauricionascimento/projetos/desafio-final/desafio-final-gama-46-back/src/index.ts">
        <metrics statements="8" coveredstatements="8" conditionals="2" coveredconditionals="1" methods="1" coveredmethods="1"/>
        <line num="1" count="6" type="stmt"/>
        <line num="2" count="6" type="stmt"/>
        <line num="3" count="6" type="stmt"/>
        <line num="5" count="6" type="stmt"/>
        <line num="7" count="6" type="cond" truecount="1" falsecount="1"/>
        <line num="8" count="6" type="stmt"/>
        <line num="9" count="6" type="stmt"/>
        <line num="12" count="6" type="stmt"/>
      </file>
    </package>
    <package name="src.controller">
      <metrics statements="261" coveredstatements="253" conditionals="51" coveredconditionals="43" methods="62" coveredmethods="62"/>
      <file name="AuthController.ts" path="/Users/mauricionascimento/projetos/desafio-final/desafio-final-gama-46-back/src/controller/AuthController.ts">
        <metrics statements="33" coveredstatements="30" conditionals="10" coveredconditionals="9" methods="4" coveredmethods="4"/>
        <line num="2" count="6" type="stmt"/>
        <line num="3" count="6" type="stmt"/>
        <line num="4" count="6" type="stmt"/>
        <line num="5" count="6" type="stmt"/>
        <line num="7" count="6" type="stmt"/>
        <line num="10" count="6" type="stmt"/>
        <line num="11" count="53" type="stmt"/>
        <line num="12" count="53" type="stmt"/>
        <line num="13" count="53" type="stmt"/>
        <line num="15" count="53" type="stmt"/>
        <line num="16" count="53" type="cond" truecount="1" falsecount="0"/>
        <line num="17" count="1" type="stmt"/>
        <line num="20" count="52" type="stmt"/>
        <line num="21" count="52" type="cond" truecount="1" falsecount="0"/>
        <line num="22" count="1" type="stmt"/>
        <line num="25" count="51" type="stmt"/>
        <line num="31" count="51" type="stmt"/>
        <line num="33" count="0" type="stmt"/>
        <line num="36" count="6" type="stmt"/>
        <line num="37" count="2" type="stmt"/>
        <line num="38" count="2" type="stmt"/>
        <line num="39" count="2" type="stmt"/>
        <line num="40" count="2" type="cond" truecount="4" falsecount="0"/>
        <line num="41" count="1" type="stmt"/>
        <line num="43" count="1" type="stmt"/>
        <line num="44" count="1" type="stmt"/>
        <line num="46" count="1" type="cond" truecount="3" falsecount="1"/>
        <line num="47" count="1" type="stmt"/>
        <line num="48" count="1" type="stmt"/>
        <line num="50" count="1" type="stmt"/>
        <line num="56" count="1" type="stmt"/>
        <line num="58" count="0" type="stmt"/>
        <line num="61" count="0" type="stmt"/>
      </file>
      <file name="CategoryController.ts" path="/Users/mauricionascimento/projetos/desafio-final/desafio-final-gama-46-back/src/controller/CategoryController.ts">
        <metrics statements="35" coveredstatements="34" conditionals="6" coveredconditionals="5" methods="10" coveredmethods="10"/>
        <line num="1" count="6" type="stmt"/>
        <line num="3" count="6" type="stmt"/>
        <line num="5" count="6" type="stmt"/>
        <line num="6" count="6" type="stmt"/>
        <line num="7" count="1" type="stmt"/>
        <line num="8" count="1" type="stmt"/>
        <line num="9" count="1" type="stmt"/>
        <line num="11" count="0" type="stmt"/>
        <line num="15" count="6" type="stmt"/>
        <line num="16" count="2" type="stmt"/>
        <line num="17" count="2" type="stmt"/>
        <line num="18" count="2" type="stmt"/>
        <line num="19" count="1" type="cond" truecount="1" falsecount="1"/>
        <line num="23" count="1" type="stmt"/>
        <line num="32" count="6" type="stmt"/>
        <line num="33" count="2" type="stmt"/>
        <line num="34" count="2" type="stmt"/>
        <line num="38" count="2" type="stmt"/>
        <line num="39" count="2" type="stmt"/>
        <line num="40" count="1" type="stmt"/>
        <line num="42" count="1" type="stmt"/>
        <line num="48" count="6" type="stmt"/>
        <line num="49" count="3" type="stmt"/>
        <line num="50" count="3" type="stmt"/>
        <line num="51" count="3" type="stmt"/>
        <line num="52" count="3" type="stmt"/>
        <line num="53" count="2" type="stmt"/>
        <line num="54" count="2" type="cond" truecount="2" falsecount="0"/>
        <line num="58" count="1" type="stmt"/>
        <line num="64" count="6" type="stmt"/>
        <line num="65" count="3" type="stmt"/>
        <line num="66" count="3" type="stmt"/>
        <line num="67" count="3" type="stmt"/>
        <line num="68" count="2" type="cond" truecount="2" falsecount="0"/>
        <line num="76" count="1" type="stmt"/>
      </file>
      <file name="CouponController.ts" path="/Users/mauricionascimento/projetos/desafio-final/desafio-final-gama-46-back/src/controller/CouponController.ts">
        <metrics statements="34" coveredstatements="33" conditionals="6" coveredconditionals="3" methods="10" coveredmethods="10"/>
        <line num="3" count="6" type="stmt"/>
        <line num="5" count="6" type="stmt"/>
        <line num="7" count="6" type="stmt"/>
        <line num="8" count="1" type="stmt"/>
        <line num="9" count="1" type="stmt"/>
        <line num="10" count="1" type="stmt"/>
        <line num="12" count="0" type="stmt"/>
        <line num="16" count="6" type="stmt"/>
        <line num="17" count="2" type="stmt"/>
        <line num="18" count="2" type="stmt"/>
        <line num="19" count="2" type="stmt"/>
        <line num="21" count="1" type="cond" truecount="1" falsecount="1"/>
        <line num="25" count="1" type="stmt"/>
        <line num="32" count="6" type="stmt"/>
        <line num="33" count="2" type="stmt"/>
        <line num="34" count="2" type="stmt"/>
        <line num="35" count="2" type="stmt"/>
        <line num="36" count="2" type="stmt"/>
        <line num="37" count="1" type="stmt"/>
        <line num="39" count="1" type="stmt"/>
        <line num="43" count="6" type="stmt"/>
        <line num="44" count="2" type="stmt"/>
        <line num="45" count="2" type="stmt"/>
        <line num="46" count="2" type="stmt"/>
        <line num="47" count="2" type="stmt"/>
        <line num="48" count="1" type="stmt"/>
        <line num="49" count="1" type="cond" truecount="1" falsecount="1"/>
        <line num="53" count="1" type="stmt"/>
        <line num="57" count="6" type="stmt"/>
        <line num="58" count="2" type="stmt"/>
        <line num="59" count="2" type="stmt"/>
        <line num="60" count="2" type="stmt"/>
        <line num="61" count="1" type="cond" truecount="1" falsecount="1"/>
        <line num="65" count="1" type="stmt"/>
      </file>
      <file name="OrderController.ts" path="/Users/mauricionascimento/projetos/desafio-final/desafio-final-gama-46-back/src/controller/OrderController.ts">
        <metrics statements="69" coveredstatements="68" conditionals="18" coveredconditionals="15" methods="16" coveredmethods="16"/>
        <line num="2" count="6" type="stmt"/>
        <line num="3" count="6" type="stmt"/>
        <line num="4" count="6" type="stmt"/>
        <line num="5" count="6" type="stmt"/>
        <line num="7" count="6" type="stmt"/>
        <line num="8" count="6" type="stmt"/>
        <line num="9" count="1" type="stmt"/>
        <line num="10" count="1" type="stmt"/>
        <line num="14" count="1" type="stmt"/>
        <line num="16" count="0" type="stmt"/>
        <line num="23" count="6" type="stmt"/>
        <line num="24" count="2" type="stmt"/>
        <line num="25" count="2" type="stmt"/>
        <line num="26" count="2" type="stmt"/>
        <line num="30" count="1" type="cond" truecount="1" falsecount="1"/>
        <line num="34" count="1" type="stmt"/>
        <line num="41" count="6" type="stmt"/>
        <line num="42" count="4" type="stmt"/>
        <line num="43" count="4" type="stmt"/>
        <line num="45" count="4" type="stmt"/>
        <line num="46" count="4" type="cond" truecount="1" falsecount="0"/>
        <line num="47" count="2" type="stmt"/>
        <line num="48" count="2" type="cond" truecount="1" falsecount="0"/>
        <line num="49" count="1" type="stmt"/>
        <line num="53" count="3" type="stmt"/>
        <line num="54" count="4" type="stmt"/>
        <line num="55" count="4" type="stmt"/>
        <line num="58" count="2" type="stmt"/>
        <line num="59" count="2" type="stmt"/>
        <line num="60" count="2" type="stmt"/>
        <line num="61" count="4" type="stmt"/>
        <line num="64" count="2" type="cond" truecount="1" falsecount="0"/>
        <line num="65" count="1" type="stmt"/>
        <line num="68" count="2" type="stmt"/>
        <line num="74" count="2" type="stmt"/>
        <line num="78" count="2" type="stmt"/>
        <line num="80" count="1" type="stmt"/>
        <line num="87" count="6" type="stmt"/>
        <line num="88" count="5" type="stmt"/>
        <line num="89" count="5" type="stmt"/>
        <line num="90" count="5" type="stmt"/>
        <line num="93" count="5" type="cond" truecount="2" falsecount="0"/>
        <line num="94" count="2" type="stmt"/>
        <line num="95" count="2" type="cond" truecount="3" falsecount="1"/>
        <line num="97" count="3" type="stmt"/>
        <line num="100" count="5" type="stmt"/>
        <line num="101" count="5" type="cond" truecount="1" falsecount="0"/>
        <line num="102" count="2" type="stmt"/>
        <line num="103" count="2" type="cond" truecount="1" falsecount="0"/>
        <line num="104" count="1" type="stmt"/>
        <line num="107" count="4" type="stmt"/>
        <line num="108" count="5" type="stmt"/>
        <line num="109" count="5" type="stmt"/>
        <line num="112" count="4" type="stmt"/>
        <line num="113" count="4" type="stmt"/>
        <line num="114" count="4" type="stmt"/>
        <line num="115" count="5" type="stmt"/>
        <line num="118" count="4" type="cond" truecount="1" falsecount="0"/>
        <line num="119" count="1" type="stmt"/>
        <line num="122" count="4" type="stmt"/>
        <line num="123" count="3" type="stmt"/>
        <line num="127" count="3" type="cond" truecount="2" falsecount="0"/>
        <line num="131" count="1" type="stmt"/>
        <line num="138" count="6" type="stmt"/>
        <line num="139" count="2" type="stmt"/>
        <line num="140" count="2" type="stmt"/>
        <line num="141" count="2" type="stmt"/>
        <line num="142" count="1" type="cond" truecount="1" falsecount="1"/>
        <line num="146" count="1" type="stmt"/>
      </file>
      <file name="ProductController.ts" path="/Users/mauricionascimento/projetos/desafio-final/desafio-final-gama-46-back/src/controller/ProductController.ts">
        <metrics statements="49" coveredstatements="48" conditionals="8" coveredconditionals="8" methods="12" coveredmethods="12"/>
        <line num="2" count="6" type="stmt"/>
        <line num="4" count="6" type="stmt"/>
        <line num="6" count="6" type="stmt"/>
        <line num="8" count="6" type="stmt"/>
        <line num="9" count="1" type="stmt"/>
        <line num="10" count="1" type="stmt"/>
        <line num="13" count="1" type="stmt"/>
        <line num="15" count="0" type="stmt"/>
        <line num="19" count="6" type="stmt"/>
        <line num="20" count="3" type="stmt"/>
        <line num="21" count="3" type="stmt"/>
        <line num="22" count="3" type="stmt"/>
        <line num="25" count="2" type="cond" truecount="2" falsecount="0"/>
        <line num="26" count="1" type="stmt"/>
        <line num="28" count="1" type="stmt"/>
        <line num="31" count="1" type="stmt"/>
        <line num="35" count="6" type="stmt"/>
        <line num="36" count="3" type="stmt"/>
        <line num="37" count="3" type="stmt"/>
        <line num="38" count="3" type="stmt"/>
        <line num="41" count="2" type="cond" truecount="2" falsecount="0"/>
        <line num="42" count="1" type="stmt"/>
        <line num="44" count="1" type="stmt"/>
        <line num="47" count="1" type="stmt"/>
        <line num="51" count="6" type="stmt"/>
        <line num="52" count="2" type="stmt"/>
        <line num="53" count="2" type="stmt"/>
        <line num="54" count="2" type="stmt"/>
        <line num="62" count="2" type="stmt"/>
        <line num="65" count="1" type="stmt"/>
        <line num="67" count="1" type="stmt"/>
        <line num="71" count="6" type="stmt"/>
        <line num="72" count="3" type="stmt"/>
        <line num="73" count="3" type="stmt"/>
        <line num="74" count="3" type="stmt"/>
        <line num="75" count="3" type="stmt"/>
        <line num="76" count="2" type="stmt"/>
        <line num="79" count="2" type="cond" truecount="2" falsecount="0"/>
        <line num="80" count="1" type="stmt"/>
        <line num="82" count="1" type="stmt"/>
        <line num="85" count="1" type="stmt"/>
        <line num="89" count="6" type="stmt"/>
        <line num="90" count="3" type="stmt"/>
        <line num="91" count="3" type="stmt"/>
        <line num="92" count="3" type="stmt"/>
        <line num="93" count="2" type="cond" truecount="2" falsecount="0"/>
        <line num="94" count="1" type="stmt"/>
        <line num="96" count="1" type="stmt"/>
        <line num="99" count="1" type="stmt"/>
      </file>
      <file name="UserController.ts" path="/Users/mauricionascimento/projetos/desafio-final/desafio-final-gama-46-back/src/controller/UserController.ts">
        <metrics statements="41" coveredstatements="40" conditionals="3" coveredconditionals="3" methods="10" coveredmethods="10"/>
        <line num="2" count="6" type="stmt"/>
        <line num="4" count="6" type="stmt"/>
        <line num="5" count="6" type="stmt"/>
        <line num="7" count="6" type="stmt"/>
        <line num="9" count="6" type="stmt"/>
        <line num="10" count="6" type="stmt"/>
        <line num="11" count="1" type="stmt"/>
        <line num="12" count="1" type="stmt"/>
        <line num="13" count="1" type="stmt"/>
        <line num="15" count="0" type="stmt"/>
        <line num="18" count="6" type="stmt"/>
        <line num="19" count="3" type="stmt"/>
        <line num="20" count="3" type="stmt"/>
        <line num="21" count="2" type="cond" truecount="1" falsecount="0"/>
        <line num="22" count="1" type="stmt"/>
        <line num="25" count="1" type="stmt"/>
        <line num="27" count="1" type="stmt"/>
        <line num="30" count="6" type="stmt"/>
        <line num="31" count="2" type="stmt"/>
        <line num="32" count="2" type="stmt"/>
        <line num="34" count="2" type="stmt"/>
        <line num="35" count="2" type="stmt"/>
        <line num="37" count="1" type="stmt"/>
        <line num="43" count="1" type="stmt"/>
        <line num="45" count="1" type="stmt"/>
        <line num="48" count="6" type="stmt"/>
        <line num="49" count="3" type="stmt"/>
        <line num="50" count="3" type="stmt"/>
        <line num="52" count="3" type="stmt"/>
        <line num="58" count="2" type="stmt"/>
        <line num="60" count="2" type="cond" truecount="1" falsecount="0"/>
        <line num="61" count="1" type="stmt"/>
        <line num="64" count="1" type="stmt"/>
        <line num="66" count="1" type="stmt"/>
        <line num="69" count="6" type="stmt"/>
        <line num="70" count="3" type="stmt"/>
        <line num="71" count="3" type="stmt"/>
        <line num="72" count="2" type="cond" truecount="1" falsecount="0"/>
        <line num="73" count="1" type="stmt"/>
        <line num="76" count="1" type="stmt"/>
        <line num="78" count="1" type="stmt"/>
      </file>
    </package>
    <package name="src.database">
      <metrics statements="15" coveredstatements="13" conditionals="2" coveredconditionals="1" methods="2" coveredmethods="2"/>
      <file name="config.ts" path="/Users/mauricionascimento/projetos/desafio-final/desafio-final-gama-46-back/src/database/config.ts">
        <metrics statements="3" coveredstatements="3" conditionals="0" coveredconditionals="0" methods="0" coveredmethods="0"/>
        <line num="1" count="6" type="stmt"/>
        <line num="3" count="6" type="stmt"/>
        <line num="5" count="6" type="stmt"/>
      </file>
      <file name="connect.ts" path="/Users/mauricionascimento/projetos/desafio-final/desafio-final-gama-46-back/src/database/connect.ts">
        <metrics statements="12" coveredstatements="10" conditionals="2" coveredconditionals="1" methods="2" coveredmethods="2"/>
        <line num="1" count="6" type="stmt"/>
        <line num="2" count="6" type="stmt"/>
        <line num="4" count="6" type="stmt"/>
        <line num="5" count="6" type="stmt"/>
        <line num="6" count="6" type="stmt"/>
        <line num="7" count="6" type="cond" truecount="1" falsecount="1"/>
        <line num="10" count="6" type="stmt"/>
        <line num="11" count="6" type="stmt"/>
        <line num="16" count="6" type="stmt"/>
        <line num="18" count="0" type="stmt"/>
        <line num="19" count="0" type="stmt"/>
        <line num="23" count="6" type="stmt"/>
      </file>
    </package>
    <package name="src.entities">
      <metrics statements="22" coveredstatements="22" conditionals="1" coveredconditionals="0" methods="1" coveredmethods="1"/>
      <file name="Category.ts" path="/Users/mauricionascimento/projetos/desafio-final/desafio-final-gama-46-back/src/entities/Category.ts">
        <metrics statements="3" coveredstatements="3" conditionals="0" coveredconditionals="0" methods="0" coveredmethods="0"/>
        <line num="1" count="6" type="stmt"/>
        <line num="7" count="6" type="stmt"/>
        <line num="15" count="6" type="stmt"/>
      </file>
      <file name="Coupon.ts" path="/Users/mauricionascimento/projetos/desafio-final/desafio-final-gama-46-back/src/entities/Coupon.ts">
        <metrics statements="3" coveredstatements="3" conditionals="0" coveredconditionals="0" methods="0" coveredmethods="0"/>
        <line num="1" count="6" type="stmt"/>
        <line num="8" count="6" type="stmt"/>
        <line num="22" count="6" type="stmt"/>
      </file>
      <file name="Order.ts" path="/Users/mauricionascimento/projetos/desafio-final/desafio-final-gama-46-back/src/entities/Order.ts">
        <metrics statements="3" coveredstatements="3" conditionals="0" coveredconditionals="0" methods="0" coveredmethods="0"/>
        <line num="1" count="6" type="stmt"/>
        <line num="11" count="6" type="stmt"/>
        <line num="20" count="6" type="stmt"/>
      </file>
      <file name="Product.ts" path="/Users/mauricionascimento/projetos/desafio-final/desafio-final-gama-46-back/src/entities/Product.ts">
        <metrics statements="3" coveredstatements="3" conditionals="0" coveredconditionals="0" methods="0" coveredmethods="0"/>
        <line num="2" count="6" type="stmt"/>
        <line num="13" count="6" type="stmt"/>
        <line num="25" count="6" type="stmt"/>
      </file>
      <file name="User.ts" path="/Users/mauricionascimento/projetos/desafio-final/desafio-final-gama-46-back/src/entities/User.ts">
        <metrics statements="10" coveredstatements="10" conditionals="1" coveredconditionals="0" methods="1" coveredmethods="1"/>
        <line num="1" count="6" type="stmt"/>
        <line num="2" count="6" type="stmt"/>
        <line num="13" count="6" type="stmt"/>
        <line num="33" count="6" type="stmt"/>
        <line num="34" count="20" type="stmt"/>
        <line num="36" count="20" type="cond" truecount="0" falsecount="1"/>
        <line num="38" count="20" type="stmt"/>
        <line num="40" count="20" type="stmt"/>
        <line num="42" count="20" type="stmt"/>
        <line num="46" count="6" type="stmt"/>
      </file>
    </package>
    <package name="src.middlewares">
      <metrics statements="17" coveredstatements="15" conditionals="2" coveredconditionals="1" methods="2" coveredmethods="2"/>
      <file name="CheckAdmin.ts" path="/Users/mauricionascimento/projetos/desafio-final/desafio-final-gama-46-back/src/middlewares/CheckAdmin.ts">
        <metrics statements="4" coveredstatements="4" conditionals="1" coveredconditionals="1" methods="1" coveredmethods="1"/>
        <line num="3" count="6" type="stmt"/>
        <line num="4" count="28" type="cond" truecount="1" falsecount="0"/>
        <line num="5" count="4" type="stmt"/>
        <line num="7" count="24" type="stmt"/>
      </file>
      <file name="CheckAuth.ts" path="/Users/mauricionascimento/projetos/desafio-final/desafio-final-gama-46-back/src/middlewares/CheckAuth.ts">
        <metrics statements="13" coveredstatements="11" conditionals="1" coveredconditionals="0" methods="1" coveredmethods="1"/>
        <line num="2" count="6" type="stmt"/>
        <line num="3" count="6" type="stmt"/>
        <line num="4" count="6" type="stmt"/>
        <line num="6" count="6" type="stmt"/>
        <line num="7" count="47" type="stmt"/>
        <line num="8" count="47" type="cond" truecount="0" falsecount="1"/>
        <line num="9" count="0" type="stmt"/>
        <line num="11" count="47" type="stmt"/>
        <line num="12" count="47" type="stmt"/>
        <line num="13" count="47" type="stmt"/>
        <line num="14" count="47" type="stmt"/>
        <line num="15" count="47" type="stmt"/>
        <line num="17" count="0" type="stmt"/>
      </file>
    </package>
    <package name="src.routes">
      <metrics statements="77" coveredstatements="77" conditionals="0" coveredconditionals="0" methods="0" coveredmethods="0"/>
      <file name="auth.ts" path="/Users/mauricionascimento/projetos/desafio-final/desafio-final-gama-46-back/src/routes/auth.ts">
        <metrics statements="7" coveredstatements="7" conditionals="0" coveredconditionals="0" methods="0" coveredmethods="0"/>
        <line num="1" count="6" type="stmt"/>
        <line num="2" count="6" type="stmt"/>
        <line num="3" count="6" type="stmt"/>
        <line num="5" count="6" type="stmt"/>
        <line num="7" count="6" type="stmt"/>
        <line num="8" count="6" type="stmt"/>
        <line num="10" count="6" type="stmt"/>
      </file>
      <file name="category.ts" path="/Users/mauricionascimento/projetos/desafio-final/desafio-final-gama-46-back/src/routes/category.ts">
        <metrics statements="11" coveredstatements="11" conditionals="0" coveredconditionals="0" methods="0" coveredmethods="0"/>
        <line num="1" count="6" type="stmt"/>
        <line num="2" count="6" type="stmt"/>
        <line num="3" count="6" type="stmt"/>
        <line num="4" count="6" type="stmt"/>
        <line num="6" count="6" type="stmt"/>
        <line num="8" count="6" type="stmt"/>
        <line num="9" count="6" type="stmt"/>
        <line num="10" count="6" type="stmt"/>
        <line num="11" count="6" type="stmt"/>
        <line num="12" count="6" type="stmt"/>
        <line num="15" count="6" type="stmt"/>
      </file>
      <file name="coupon.ts" path="/Users/mauricionascimento/projetos/desafio-final/desafio-final-gama-46-back/src/routes/coupon.ts">
        <metrics statements="11" coveredstatements="11" conditionals="0" coveredconditionals="0" methods="0" coveredmethods="0"/>
        <line num="1" count="6" type="stmt"/>
        <line num="2" count="6" type="stmt"/>
        <line num="3" count="6" type="stmt"/>
        <line num="4" count="6" type="stmt"/>
        <line num="6" count="6" type="stmt"/>
        <line num="8" count="6" type="stmt"/>
        <line num="9" count="6" type="stmt"/>
        <line num="10" count="6" type="stmt"/>
        <line num="11" count="6" type="stmt"/>
        <line num="12" count="6" type="stmt"/>
        <line num="15" count="6" type="stmt"/>
      </file>
      <file name="index.ts" path="/Users/mauricionascimento/projetos/desafio-final/desafio-final-gama-46-back/src/routes/index.ts">
        <metrics statements="15" coveredstatements="15" conditionals="0" coveredconditionals="0" methods="0" coveredmethods="0"/>
        <line num="1" count="6" type="stmt"/>
        <line num="2" count="6" type="stmt"/>
        <line num="3" count="6" type="stmt"/>
        <line num="4" count="6" type="stmt"/>
        <line num="5" count="6" type="stmt"/>
        <line num="6" count="6" type="stmt"/>
        <line num="7" count="6" type="stmt"/>
        <line num="9" count="6" type="stmt"/>
        <line num="11" count="6" type="stmt"/>
        <line num="12" count="6" type="stmt"/>
        <line num="13" count="6" type="stmt"/>
        <line num="14" count="6" type="stmt"/>
        <line num="15" count="6" type="stmt"/>
        <line num="16" count="6" type="stmt"/>
        <line num="18" count="6" type="stmt"/>
      </file>
      <file name="order.ts" path="/Users/mauricionascimento/projetos/desafio-final/desafio-final-gama-46-back/src/routes/order.ts">
        <metrics statements="10" coveredstatements="10" conditionals="0" coveredconditionals="0" methods="0" coveredmethods="0"/>
        <line num="1" count="6" type="stmt"/>
        <line num="2" count="6" type="stmt"/>
        <line num="4" count="6" type="stmt"/>
        <line num="6" count="6" type="stmt"/>
        <line num="8" count="6" type="stmt"/>
        <line num="9" count="6" type="stmt"/>
        <line num="10" count="6" type="stmt"/>
        <line num="11" count="6" type="stmt"/>
        <line num="12" count="6" type="stmt"/>
        <line num="15" count="6" type="stmt"/>
      </file>
      <file name="product.ts" path="/Users/mauricionascimento/projetos/desafio-final/desafio-final-gama-46-back/src/routes/product.ts">
        <metrics statements="12" coveredstatements="12" conditionals="0" coveredconditionals="0" methods="0" coveredmethods="0"/>
        <line num="1" count="6" type="stmt"/>
        <line num="2" count="6" type="stmt"/>
        <line num="3" count="6" type="stmt"/>
        <line num="4" count="6" type="stmt"/>
        <line num="7" count="6" type="stmt"/>
        <line num="9" count="6" type="stmt"/>
        <line num="10" count="6" type="stmt"/>
        <line num="11" count="6" type="stmt"/>
        <line num="12" count="6" type="stmt"/>
        <line num="13" count="6" type="stmt"/>
        <line num="14" count="6" type="stmt"/>
        <line num="17" count="6" type="stmt"/>
      </file>
      <file name="user.ts" path="/Users/mauricionascimento/projetos/desafio-final/desafio-final-gama-46-back/src/routes/user.ts">
        <metrics statements="11" coveredstatements="11" conditionals="0" coveredconditionals="0" methods="0" coveredmethods="0"/>
        <line num="1" count="6" type="stmt"/>
        <line num="2" count="6" type="stmt"/>
        <line num="3" count="6" type="stmt"/>
        <line num="4" count="6" type="stmt"/>
        <line num="6" count="6" type="stmt"/>
        <line num="8" count="6" type="stmt"/>
        <line num="9" count="6" type="stmt"/>
        <line num="10" count="6" type="stmt"/>
        <line num="11" count="6" type="stmt"/>
        <line num="12" count="6" type="stmt"/>
        <line num="15" count="6" type="stmt"/>
      </file>
    </package>
  </project>
</coverage>
