{"/Users/mauricionascimento/projetos/desafio-final/desafio-final-gama-46-back/src/app.ts": {"path":"/Users/mauricionascimento/projetos/desafio-final/desafio-final-gama-46-back/src/app.ts","statementMap":{"0":{"start":{"line":1,"column":0},"end":{"line":1,"column":30}},"1":{"start":{"line":2,"column":0},"end":{"line":2,"column":24}},"2":{"start":{"line":3,"column":0},"end":{"line":3,"column":30}},"3":{"start":{"line":4,"column":0},"end":{"line":4,"column":28}},"4":{"start":{"line":5,"column":0},"end":{"line":5,"column":28}},"5":{"start":{"line":7,"column":0},"end":{"line":7,"column":16}},"6":{"start":{"line":8,"column":12},"end":{"line":8,"column":21}},"7":{"start":{"line":11,"column":0},"end":{"line":11,"column":24}},"8":{"start":{"line":12,"column":0},"end":{"line":12,"column":16}},"9":{"start":{"line":13,"column":0},"end":{"line":13,"column":18}},"10":{"start":{"line":15,"column":0},"end":{"line":15,"column":null}},"11":{"start":{"line":18,"column":0},"end":{"line":18,"column":null}}},"fnMap":{},"branchMap":{},"s":{"0":5,"1":5,"2":5,"3":5,"4":5,"5":5,"6":5,"7":5,"8":5,"9":5,"10":5,"11":5},"f":{},"b":{}}
,"/Users/mauricionascimento/projetos/desafio-final/desafio-final-gama-46-back/src/index.ts": {"path":"/Users/mauricionascimento/projetos/desafio-final/desafio-final-gama-46-back/src/index.ts","statementMap":{"0":{"start":{"line":1,"column":0},"end":{"line":1,"column":24}},"1":{"start":{"line":2,"column":0},"end":{"line":2,"column":41}},"2":{"start":{"line":3,"column":0},"end":{"line":3,"column":28}},"3":{"start":{"line":5,"column":0},"end":{"line":5,"column":null}},"4":{"start":{"line":7,"column":15},"end":{"line":10,"column":2}},"5":{"start":{"line":8,"column":4},"end":{"line":8,"column":null}},"6":{"start":{"line":9,"column":4},"end":{"line":9,"column":null}},"7":{"start":{"line":12,"column":0},"end":{"line":12,"column":null}}},"fnMap":{"0":{"name":"(anonymous_1)","decl":{"start":{"line":7,"column":52},"end":{"line":7,"column":54}},"loc":{"start":{"line":7,"column":56},"end":{"line":10,"column":1}}}},"branchMap":{"0":{"loc":{"start":{"line":7,"column":26},"end":{"line":7,"column":50}},"type":"binary-expr","locations":[{"start":{"line":7,"column":26},"end":{"line":7,"column":42}},{"start":{"line":7,"column":46},"end":{"line":7,"column":50}}]}},"s":{"0":5,"1":5,"2":5,"3":5,"4":5,"5":5,"6":5,"7":5},"f":{"0":5},"b":{"0":[5,0]}}
,"/Users/mauricionascimento/projetos/desafio-final/desafio-final-gama-46-back/src/controller/AuthController.ts": {"path":"/Users/mauricionascimento/projetos/desafio-final/desafio-final-gama-46-back/src/controller/AuthController.ts","statementMap":{"0":{"start":{"line":2,"column":0},"end":{"line":2,"column":40}},"1":{"start":{"line":3,"column":0},"end":{"line":3,"column":28}},"2":{"start":{"line":4,"column":0},"end":{"line":4,"column":31}},"3":{"start":{"line":5,"column":0},"end":{"line":5,"column":28}},"4":{"start":{"line":7,"column":0},"end":{"line":7,"column":null}},"5":{"start":{"line":10,"column":0},"end":{"line":10,"column":13}},"6":{"start":{"line":11,"column":11},"end":{"line":36,"column":null}},"7":{"start":{"line":11,"column":55},"end":{"line":36,"column":null}},"8":{"start":{"line":12,"column":8},"end":{"line":35,"column":null}},"9":{"start":{"line":13,"column":40},"end":{"line":13,"column":48}},"10":{"start":{"line":15,"column":25},"end":{"line":15,"column":54}},"11":{"start":{"line":16,"column":12},"end":{"line":18,"column":null}},"12":{"start":{"line":17,"column":14},"end":{"line":17,"column":85}},"13":{"start":{"line":20,"column":34},"end":{"line":20,"column":79}},"14":{"start":{"line":21,"column":12},"end":{"line":23,"column":null}},"15":{"start":{"line":22,"column":14},"end":{"line":22,"column":85}},"16":{"start":{"line":25,"column":26},"end":{"line":28,"column":null}},"17":{"start":{"line":31,"column":12},"end":{"line":31,"column":44}},"18":{"start":{"line":33,"column":12},"end":{"line":33,"column":33}},"19":{"start":{"line":34,"column":12},"end":{"line":34,"column":90}}},"fnMap":{"0":{"name":"(anonymous_8)","decl":{"start":{"line":11,"column":19},"end":{"line":11,"column":26}},"loc":{"start":{"line":11,"column":55},"end":{"line":36,"column":null}}},"1":{"name":"(anonymous_9)","decl":{"start":{"line":11,"column":55},"end":{"line":11,"column":null}},"loc":{"start":{"line":11,"column":55},"end":{"line":36,"column":5}}}},"branchMap":{"0":{"loc":{"start":{"line":16,"column":12},"end":{"line":18,"column":null}},"type":"if","locations":[{"start":{"line":16,"column":12},"end":{"line":18,"column":null}}]},"1":{"loc":{"start":{"line":21,"column":12},"end":{"line":23,"column":null}},"type":"if","locations":[{"start":{"line":21,"column":12},"end":{"line":23,"column":null}}]}},"s":{"0":5,"1":5,"2":5,"3":5,"4":5,"5":5,"6":5,"7":30,"8":30,"9":30,"10":30,"11":30,"12":1,"13":29,"14":29,"15":1,"16":28,"17":28,"18":0,"19":0},"f":{"0":30,"1":30},"b":{"0":[1],"1":[1]}}
,"/Users/mauricionascimento/projetos/desafio-final/desafio-final-gama-46-back/src/controller/CategoryController.ts": {"path":"/Users/mauricionascimento/projetos/desafio-final/desafio-final-gama-46-back/src/controller/CategoryController.ts","statementMap":{"0":{"start":{"line":1,"column":0},"end":{"line":1,"column":42}},"1":{"start":{"line":3,"column":0},"end":{"line":3,"column":43}},"2":{"start":{"line":5,"column":0},"end":{"line":5,"column":13}},"3":{"start":{"line":7,"column":11},"end":{"line":11,"column":null}},"4":{"start":{"line":7,"column":46},"end":{"line":11,"column":null}},"5":{"start":{"line":8,"column":8},"end":{"line":10,"column":null}},"6":{"start":{"line":9,"column":33},"end":{"line":9,"column":67}},"7":{"start":{"line":10,"column":28},"end":{"line":10,"column":57}},"8":{"start":{"line":13,"column":11},"end":{"line":19,"column":null}},"9":{"start":{"line":13,"column":71},"end":{"line":19,"column":null}},"10":{"start":{"line":14,"column":19},"end":{"line":14,"column":32}},"11":{"start":{"line":16,"column":8},"end":{"line":18,"column":null}},"12":{"start":{"line":17,"column":31},"end":{"line":17,"column":136}},"13":{"start":{"line":18,"column":30},"end":{"line":18,"column":121}},"14":{"start":{"line":21,"column":11},"end":{"line":31,"column":null}},"15":{"start":{"line":21,"column":63},"end":{"line":31,"column":null}},"16":{"start":{"line":22,"column":25},"end":{"line":22,"column":33}},"17":{"start":{"line":23,"column":28},"end":{"line":26,"column":43}},"18":{"start":{"line":28,"column":8},"end":{"line":30,"column":null}},"19":{"start":{"line":29,"column":32},"end":{"line":29,"column":64}},"20":{"start":{"line":30,"column":30},"end":{"line":30,"column":111}},"21":{"start":{"line":33,"column":11},"end":{"line":41,"column":null}},"22":{"start":{"line":33,"column":63},"end":{"line":41,"column":null}},"23":{"start":{"line":34,"column":19},"end":{"line":34,"column":32}},"24":{"start":{"line":35,"column":25},"end":{"line":35,"column":33}},"25":{"start":{"line":36,"column":23},"end":{"line":36,"column":74}},"26":{"start":{"line":38,"column":8},"end":{"line":40,"column":null}},"27":{"start":{"line":39,"column":37},"end":{"line":39,"column":146}},"28":{"start":{"line":40,"column":28},"end":{"line":40,"column":110}},"29":{"start":{"line":43,"column":11},"end":{"line":49,"column":null}},"30":{"start":{"line":43,"column":77},"end":{"line":49,"column":null}},"31":{"start":{"line":44,"column":19},"end":{"line":44,"column":32}},"32":{"start":{"line":46,"column":8},"end":{"line":48,"column":null}},"33":{"start":{"line":47,"column":31},"end":{"line":47,"column":187}},"34":{"start":{"line":48,"column":29},"end":{"line":48,"column":109}}},"fnMap":{"0":{"name":"(anonymous_8)","decl":{"start":{"line":7,"column":20},"end":{"line":7,"column":27}},"loc":{"start":{"line":7,"column":46},"end":{"line":11,"column":null}}},"1":{"name":"(anonymous_9)","decl":{"start":{"line":7,"column":46},"end":{"line":7,"column":null}},"loc":{"start":{"line":7,"column":46},"end":{"line":11,"column":5}}},"2":{"name":"(anonymous_10)","decl":{"start":{"line":9,"column":18},"end":{"line":9,"column":19}},"loc":{"start":{"line":9,"column":33},"end":{"line":9,"column":67}}},"3":{"name":"(anonymous_11)","decl":{"start":{"line":10,"column":19},"end":{"line":10,"column":20}},"loc":{"start":{"line":10,"column":28},"end":{"line":10,"column":57}}},"4":{"name":"(anonymous_12)","decl":{"start":{"line":13,"column":21},"end":{"line":13,"column":28}},"loc":{"start":{"line":13,"column":71},"end":{"line":19,"column":null}}},"5":{"name":"(anonymous_13)","decl":{"start":{"line":13,"column":71},"end":{"line":13,"column":null}},"loc":{"start":{"line":13,"column":71},"end":{"line":19,"column":5}}},"6":{"name":"(anonymous_14)","decl":{"start":{"line":17,"column":18},"end":{"line":17,"column":19}},"loc":{"start":{"line":17,"column":30},"end":{"line":17,"column":136}}},"7":{"name":"(anonymous_15)","decl":{"start":{"line":18,"column":19},"end":{"line":18,"column":20}},"loc":{"start":{"line":18,"column":30},"end":{"line":18,"column":121}}},"8":{"name":"(anonymous_16)","decl":{"start":{"line":21,"column":20},"end":{"line":21,"column":27}},"loc":{"start":{"line":21,"column":63},"end":{"line":31,"column":null}}},"9":{"name":"(anonymous_17)","decl":{"start":{"line":21,"column":63},"end":{"line":21,"column":null}},"loc":{"start":{"line":21,"column":63},"end":{"line":31,"column":5}}},"10":{"name":"(anonymous_18)","decl":{"start":{"line":29,"column":18},"end":{"line":29,"column":19}},"loc":{"start":{"line":29,"column":32},"end":{"line":29,"column":64}}},"11":{"name":"(anonymous_19)","decl":{"start":{"line":30,"column":19},"end":{"line":30,"column":20}},"loc":{"start":{"line":30,"column":30},"end":{"line":30,"column":111}}},"12":{"name":"(anonymous_20)","decl":{"start":{"line":33,"column":20},"end":{"line":33,"column":27}},"loc":{"start":{"line":33,"column":63},"end":{"line":41,"column":null}}},"13":{"name":"(anonymous_21)","decl":{"start":{"line":33,"column":63},"end":{"line":33,"column":null}},"loc":{"start":{"line":33,"column":63},"end":{"line":41,"column":5}}},"14":{"name":"(anonymous_22)","decl":{"start":{"line":39,"column":18},"end":{"line":39,"column":19}},"loc":{"start":{"line":39,"column":37},"end":{"line":39,"column":146}}},"15":{"name":"(anonymous_23)","decl":{"start":{"line":40,"column":19},"end":{"line":40,"column":20}},"loc":{"start":{"line":40,"column":28},"end":{"line":40,"column":110}}},"16":{"name":"(anonymous_24)","decl":{"start":{"line":43,"column":27},"end":{"line":43,"column":34}},"loc":{"start":{"line":43,"column":77},"end":{"line":49,"column":null}}},"17":{"name":"(anonymous_25)","decl":{"start":{"line":43,"column":77},"end":{"line":43,"column":null}},"loc":{"start":{"line":43,"column":77},"end":{"line":49,"column":5}}},"18":{"name":"(anonymous_26)","decl":{"start":{"line":47,"column":18},"end":{"line":47,"column":19}},"loc":{"start":{"line":47,"column":31},"end":{"line":47,"column":187}}},"19":{"name":"(anonymous_27)","decl":{"start":{"line":48,"column":19},"end":{"line":48,"column":20}},"loc":{"start":{"line":48,"column":29},"end":{"line":48,"column":109}}}},"branchMap":{"0":{"loc":{"start":{"line":17,"column":31},"end":{"line":17,"column":135}},"type":"cond-expr","locations":[{"start":{"line":17,"column":42},"end":{"line":17,"column":74}},{"start":{"line":17,"column":77},"end":{"line":17,"column":135}}]},"1":{"loc":{"start":{"line":39,"column":37},"end":{"line":39,"column":146}},"type":"cond-expr","locations":[{"start":{"line":39,"column":46},"end":{"line":39,"column":85}},{"start":{"line":39,"column":88},"end":{"line":39,"column":146}}]},"2":{"loc":{"start":{"line":47,"column":31},"end":{"line":47,"column":187}},"type":"cond-expr","locations":[{"start":{"line":47,"column":42},"end":{"line":47,"column":117}},{"start":{"line":47,"column":120},"end":{"line":47,"column":187}}]}},"s":{"0":5,"1":5,"2":5,"3":5,"4":1,"5":1,"6":1,"7":0,"8":5,"9":2,"10":2,"11":2,"12":1,"13":1,"14":5,"15":3,"16":3,"17":3,"18":3,"19":2,"20":1,"21":5,"22":2,"23":2,"24":2,"25":2,"26":1,"27":1,"28":0,"29":5,"30":2,"31":2,"32":2,"33":1,"34":1},"f":{"0":1,"1":1,"2":1,"3":0,"4":2,"5":2,"6":1,"7":1,"8":3,"9":3,"10":2,"11":1,"12":2,"13":2,"14":1,"15":0,"16":2,"17":2,"18":1,"19":1},"b":{"0":[1,0],"1":[1,0],"2":[1,0]}}
,"/Users/mauricionascimento/projetos/desafio-final/desafio-final-gama-46-back/src/controller/OrderController.ts": {"path":"/Users/mauricionascimento/projetos/desafio-final/desafio-final-gama-46-back/src/controller/OrderController.ts","statementMap":{"0":{"start":{"line":2,"column":0},"end":{"line":2,"column":42}},"1":{"start":{"line":3,"column":0},"end":{"line":3,"column":49}},"2":{"start":{"line":6,"column":0},"end":{"line":6,"column":13}},"3":{"start":{"line":7,"column":11},"end":{"line":11,"column":null}},"4":{"start":{"line":7,"column":55},"end":{"line":11,"column":null}},"5":{"start":{"line":8,"column":8},"end":{"line":10,"column":null}},"6":{"start":{"line":9,"column":29},"end":{"line":9,"column":59}},"7":{"start":{"line":10,"column":28},"end":{"line":10,"column":106}},"8":{"start":{"line":13,"column":11},"end":{"line":19,"column":null}},"9":{"start":{"line":13,"column":85},"end":{"line":19,"column":null}},"10":{"start":{"line":14,"column":19},"end":{"line":14,"column":32}},"11":{"start":{"line":16,"column":8},"end":{"line":18,"column":null}},"12":{"start":{"line":17,"column":28},"end":{"line":17,"column":125}},"13":{"start":{"line":18,"column":30},"end":{"line":18,"column":104}},"14":{"start":{"line":21,"column":11},"end":{"line":38,"column":null}},"15":{"start":{"line":21,"column":73},"end":{"line":38,"column":null}},"16":{"start":{"line":22,"column":29},"end":{"line":22,"column":37}},"17":{"start":{"line":23,"column":21},"end":{"line":23,"column":31}},"18":{"start":{"line":24,"column":20},"end":{"line":24,"column":21}},"19":{"start":{"line":25,"column":8},"end":{"line":27,"column":null}},"20":{"start":{"line":26,"column":12},"end":{"line":26,"column":null}},"21":{"start":{"line":28,"column":25},"end":{"line":33,"column":40}},"22":{"start":{"line":35,"column":8},"end":{"line":37,"column":null}},"23":{"start":{"line":36,"column":29},"end":{"line":36,"column":58}},"24":{"start":{"line":37,"column":30},"end":{"line":37,"column":103}},"25":{"start":{"line":40,"column":11},"end":{"line":53,"column":null}},"26":{"start":{"line":40,"column":73},"end":{"line":53,"column":null}},"27":{"start":{"line":41,"column":19},"end":{"line":41,"column":32}},"28":{"start":{"line":42,"column":28},"end":{"line":42,"column":36}},"29":{"start":{"line":43,"column":21},"end":{"line":43,"column":31}},"30":{"start":{"line":44,"column":20},"end":{"line":44,"column":21}},"31":{"start":{"line":45,"column":8},"end":{"line":47,"column":null}},"32":{"start":{"line":46,"column":12},"end":{"line":46,"column":null}},"33":{"start":{"line":48,"column":8},"end":{"line":48,"column":null}},"34":{"start":{"line":50,"column":8},"end":{"line":52,"column":null}},"35":{"start":{"line":51,"column":34},"end":{"line":51,"column":143}},"36":{"start":{"line":52,"column":28},"end":{"line":52,"column":105}},"37":{"start":{"line":55,"column":11},"end":{"line":61,"column":null}},"38":{"start":{"line":55,"column":91},"end":{"line":61,"column":null}},"39":{"start":{"line":56,"column":19},"end":{"line":56,"column":32}},"40":{"start":{"line":58,"column":8},"end":{"line":60,"column":null}},"41":{"start":{"line":59,"column":28},"end":{"line":59,"column":167}},"42":{"start":{"line":60,"column":29},"end":{"line":60,"column":104}}},"fnMap":{"0":{"name":"(anonymous_8)","decl":{"start":{"line":7,"column":20},"end":{"line":7,"column":27}},"loc":{"start":{"line":7,"column":55},"end":{"line":11,"column":null}}},"1":{"name":"(anonymous_9)","decl":{"start":{"line":7,"column":55},"end":{"line":7,"column":null}},"loc":{"start":{"line":7,"column":55},"end":{"line":11,"column":5}}},"2":{"name":"(anonymous_10)","decl":{"start":{"line":9,"column":18},"end":{"line":9,"column":19}},"loc":{"start":{"line":9,"column":29},"end":{"line":9,"column":59}}},"3":{"name":"(anonymous_11)","decl":{"start":{"line":10,"column":19},"end":{"line":10,"column":20}},"loc":{"start":{"line":10,"column":28},"end":{"line":10,"column":106}}},"4":{"name":"(anonymous_12)","decl":{"start":{"line":13,"column":21},"end":{"line":13,"column":28}},"loc":{"start":{"line":13,"column":85},"end":{"line":19,"column":null}}},"5":{"name":"(anonymous_13)","decl":{"start":{"line":13,"column":85},"end":{"line":13,"column":null}},"loc":{"start":{"line":13,"column":85},"end":{"line":19,"column":5}}},"6":{"name":"(anonymous_14)","decl":{"start":{"line":17,"column":18},"end":{"line":17,"column":19}},"loc":{"start":{"line":17,"column":27},"end":{"line":17,"column":125}}},"7":{"name":"(anonymous_15)","decl":{"start":{"line":18,"column":19},"end":{"line":18,"column":20}},"loc":{"start":{"line":18,"column":30},"end":{"line":18,"column":104}}},"8":{"name":"(anonymous_16)","decl":{"start":{"line":21,"column":20},"end":{"line":21,"column":27}},"loc":{"start":{"line":21,"column":73},"end":{"line":38,"column":null}}},"9":{"name":"(anonymous_17)","decl":{"start":{"line":21,"column":73},"end":{"line":21,"column":null}},"loc":{"start":{"line":21,"column":73},"end":{"line":38,"column":5}}},"10":{"name":"(anonymous_18)","decl":{"start":{"line":25,"column":25},"end":{"line":25,"column":26}},"loc":{"start":{"line":25,"column":55},"end":{"line":27,"column":9}}},"11":{"name":"(anonymous_19)","decl":{"start":{"line":36,"column":18},"end":{"line":36,"column":19}},"loc":{"start":{"line":36,"column":29},"end":{"line":36,"column":58}}},"12":{"name":"(anonymous_20)","decl":{"start":{"line":37,"column":19},"end":{"line":37,"column":20}},"loc":{"start":{"line":37,"column":30},"end":{"line":37,"column":103}}},"13":{"name":"(anonymous_21)","decl":{"start":{"line":40,"column":20},"end":{"line":40,"column":27}},"loc":{"start":{"line":40,"column":73},"end":{"line":53,"column":null}}},"14":{"name":"(anonymous_22)","decl":{"start":{"line":40,"column":73},"end":{"line":40,"column":null}},"loc":{"start":{"line":40,"column":73},"end":{"line":53,"column":5}}},"15":{"name":"(anonymous_23)","decl":{"start":{"line":45,"column":25},"end":{"line":45,"column":26}},"loc":{"start":{"line":45,"column":55},"end":{"line":47,"column":9}}},"16":{"name":"(anonymous_24)","decl":{"start":{"line":51,"column":18},"end":{"line":51,"column":19}},"loc":{"start":{"line":51,"column":34},"end":{"line":51,"column":143}}},"17":{"name":"(anonymous_25)","decl":{"start":{"line":52,"column":19},"end":{"line":52,"column":20}},"loc":{"start":{"line":52,"column":28},"end":{"line":52,"column":105}}},"18":{"name":"(anonymous_26)","decl":{"start":{"line":55,"column":27},"end":{"line":55,"column":34}},"loc":{"start":{"line":55,"column":91},"end":{"line":61,"column":null}}},"19":{"name":"(anonymous_27)","decl":{"start":{"line":55,"column":91},"end":{"line":55,"column":null}},"loc":{"start":{"line":55,"column":91},"end":{"line":61,"column":5}}},"20":{"name":"(anonymous_28)","decl":{"start":{"line":59,"column":18},"end":{"line":59,"column":19}},"loc":{"start":{"line":59,"column":28},"end":{"line":59,"column":167}}},"21":{"name":"(anonymous_29)","decl":{"start":{"line":60,"column":19},"end":{"line":60,"column":20}},"loc":{"start":{"line":60,"column":29},"end":{"line":60,"column":104}}}},"branchMap":{"0":{"loc":{"start":{"line":17,"column":28},"end":{"line":17,"column":124}},"type":"cond-expr","locations":[{"start":{"line":17,"column":36},"end":{"line":17,"column":65}},{"start":{"line":17,"column":68},"end":{"line":17,"column":124}}]},"1":{"loc":{"start":{"line":51,"column":34},"end":{"line":51,"column":143}},"type":"cond-expr","locations":[{"start":{"line":51,"column":49},"end":{"line":51,"column":85}},{"start":{"line":51,"column":88},"end":{"line":51,"column":143}}]},"2":{"loc":{"start":{"line":59,"column":28},"end":{"line":59,"column":167}},"type":"cond-expr","locations":[{"start":{"line":59,"column":36},"end":{"line":59,"column":103}},{"start":{"line":59,"column":106},"end":{"line":59,"column":167}}]}},"s":{"0":5,"1":5,"2":5,"3":5,"4":1,"5":1,"6":1,"7":0,"8":5,"9":2,"10":2,"11":2,"12":1,"13":1,"14":5,"15":1,"16":1,"17":1,"18":1,"19":1,"20":2,"21":1,"22":1,"23":1,"24":0,"25":5,"26":2,"27":2,"28":2,"29":2,"30":2,"31":2,"32":3,"33":2,"34":1,"35":1,"36":0,"37":5,"38":2,"39":2,"40":2,"41":1,"42":1},"f":{"0":1,"1":1,"2":1,"3":0,"4":2,"5":2,"6":1,"7":1,"8":1,"9":1,"10":2,"11":1,"12":0,"13":2,"14":2,"15":3,"16":1,"17":0,"18":2,"19":2,"20":1,"21":1},"b":{"0":[1,0],"1":[1,0],"2":[1,0]}}
,"/Users/mauricionascimento/projetos/desafio-final/desafio-final-gama-46-back/src/controller/ProductController.ts": {"path":"/Users/mauricionascimento/projetos/desafio-final/desafio-final-gama-46-back/src/controller/ProductController.ts","statementMap":{"0":{"start":{"line":2,"column":0},"end":{"line":2,"column":42}},"1":{"start":{"line":4,"column":0},"end":{"line":4,"column":41}},"2":{"start":{"line":6,"column":0},"end":{"line":6,"column":13}},"3":{"start":{"line":8,"column":11},"end":{"line":12,"column":null}},"4":{"start":{"line":8,"column":55},"end":{"line":12,"column":null}},"5":{"start":{"line":9,"column":8},"end":{"line":11,"column":null}},"6":{"start":{"line":10,"column":31},"end":{"line":10,"column":63}},"7":{"start":{"line":11,"column":28},"end":{"line":11,"column":105}},"8":{"start":{"line":14,"column":11},"end":{"line":20,"column":null}},"9":{"start":{"line":14,"column":85},"end":{"line":20,"column":null}},"10":{"start":{"line":15,"column":19},"end":{"line":15,"column":32}},"11":{"start":{"line":17,"column":8},"end":{"line":19,"column":null}},"12":{"start":{"line":18,"column":30},"end":{"line":18,"column":132}},"13":{"start":{"line":19,"column":30},"end":{"line":19,"column":105}},"14":{"start":{"line":22,"column":11},"end":{"line":36,"column":null}},"15":{"start":{"line":22,"column":77},"end":{"line":36,"column":null}},"16":{"start":{"line":23,"column":61},"end":{"line":23,"column":69}},"17":{"start":{"line":24,"column":26},"end":{"line":31,"column":43}},"18":{"start":{"line":33,"column":8},"end":{"line":35,"column":null}},"19":{"start":{"line":34,"column":31},"end":{"line":34,"column":62}},"20":{"start":{"line":35,"column":30},"end":{"line":35,"column":109}},"21":{"start":{"line":38,"column":11},"end":{"line":47,"column":null}},"22":{"start":{"line":38,"column":77},"end":{"line":47,"column":null}},"23":{"start":{"line":39,"column":19},"end":{"line":39,"column":32}},"24":{"start":{"line":40,"column":61},"end":{"line":40,"column":69}},"25":{"start":{"line":42,"column":23},"end":{"line":42,"column":109}},"26":{"start":{"line":44,"column":8},"end":{"line":46,"column":null}},"27":{"start":{"line":45,"column":36},"end":{"line":45,"column":142}},"28":{"start":{"line":46,"column":28},"end":{"line":46,"column":106}},"29":{"start":{"line":49,"column":11},"end":{"line":55,"column":null}},"30":{"start":{"line":49,"column":91},"end":{"line":55,"column":null}},"31":{"start":{"line":50,"column":19},"end":{"line":50,"column":32}},"32":{"start":{"line":52,"column":8},"end":{"line":54,"column":null}},"33":{"start":{"line":53,"column":30},"end":{"line":53,"column":177}},"34":{"start":{"line":54,"column":29},"end":{"line":54,"column":105}}},"fnMap":{"0":{"name":"(anonymous_8)","decl":{"start":{"line":8,"column":20},"end":{"line":8,"column":27}},"loc":{"start":{"line":8,"column":55},"end":{"line":12,"column":null}}},"1":{"name":"(anonymous_9)","decl":{"start":{"line":8,"column":55},"end":{"line":8,"column":null}},"loc":{"start":{"line":8,"column":55},"end":{"line":12,"column":5}}},"2":{"name":"(anonymous_10)","decl":{"start":{"line":10,"column":18},"end":{"line":10,"column":19}},"loc":{"start":{"line":10,"column":31},"end":{"line":10,"column":63}}},"3":{"name":"(anonymous_11)","decl":{"start":{"line":11,"column":19},"end":{"line":11,"column":20}},"loc":{"start":{"line":11,"column":28},"end":{"line":11,"column":105}}},"4":{"name":"(anonymous_12)","decl":{"start":{"line":14,"column":21},"end":{"line":14,"column":28}},"loc":{"start":{"line":14,"column":85},"end":{"line":20,"column":null}}},"5":{"name":"(anonymous_13)","decl":{"start":{"line":14,"column":85},"end":{"line":14,"column":null}},"loc":{"start":{"line":14,"column":85},"end":{"line":20,"column":5}}},"6":{"name":"(anonymous_14)","decl":{"start":{"line":18,"column":18},"end":{"line":18,"column":19}},"loc":{"start":{"line":18,"column":29},"end":{"line":18,"column":132}}},"7":{"name":"(anonymous_15)","decl":{"start":{"line":19,"column":19},"end":{"line":19,"column":20}},"loc":{"start":{"line":19,"column":30},"end":{"line":19,"column":105}}},"8":{"name":"(anonymous_16)","decl":{"start":{"line":22,"column":20},"end":{"line":22,"column":27}},"loc":{"start":{"line":22,"column":77},"end":{"line":36,"column":null}}},"9":{"name":"(anonymous_17)","decl":{"start":{"line":22,"column":77},"end":{"line":22,"column":null}},"loc":{"start":{"line":22,"column":77},"end":{"line":36,"column":5}}},"10":{"name":"(anonymous_18)","decl":{"start":{"line":34,"column":18},"end":{"line":34,"column":19}},"loc":{"start":{"line":34,"column":31},"end":{"line":34,"column":62}}},"11":{"name":"(anonymous_19)","decl":{"start":{"line":35,"column":19},"end":{"line":35,"column":20}},"loc":{"start":{"line":35,"column":30},"end":{"line":35,"column":109}}},"12":{"name":"(anonymous_20)","decl":{"start":{"line":38,"column":20},"end":{"line":38,"column":27}},"loc":{"start":{"line":38,"column":77},"end":{"line":47,"column":null}}},"13":{"name":"(anonymous_21)","decl":{"start":{"line":38,"column":77},"end":{"line":38,"column":null}},"loc":{"start":{"line":38,"column":77},"end":{"line":47,"column":5}}},"14":{"name":"(anonymous_22)","decl":{"start":{"line":45,"column":18},"end":{"line":45,"column":19}},"loc":{"start":{"line":45,"column":36},"end":{"line":45,"column":142}}},"15":{"name":"(anonymous_23)","decl":{"start":{"line":46,"column":19},"end":{"line":46,"column":20}},"loc":{"start":{"line":46,"column":28},"end":{"line":46,"column":106}}},"16":{"name":"(anonymous_24)","decl":{"start":{"line":49,"column":27},"end":{"line":49,"column":34}},"loc":{"start":{"line":49,"column":91},"end":{"line":55,"column":null}}},"17":{"name":"(anonymous_25)","decl":{"start":{"line":49,"column":91},"end":{"line":49,"column":null}},"loc":{"start":{"line":49,"column":91},"end":{"line":55,"column":5}}},"18":{"name":"(anonymous_26)","decl":{"start":{"line":53,"column":18},"end":{"line":53,"column":19}},"loc":{"start":{"line":53,"column":30},"end":{"line":53,"column":177}}},"19":{"name":"(anonymous_27)","decl":{"start":{"line":54,"column":19},"end":{"line":54,"column":20}},"loc":{"start":{"line":54,"column":29},"end":{"line":54,"column":105}}}},"branchMap":{"0":{"loc":{"start":{"line":18,"column":30},"end":{"line":18,"column":131}},"type":"cond-expr","locations":[{"start":{"line":18,"column":40},"end":{"line":18,"column":71}},{"start":{"line":18,"column":74},"end":{"line":18,"column":131}}]},"1":{"loc":{"start":{"line":45,"column":36},"end":{"line":45,"column":142}},"type":"cond-expr","locations":[{"start":{"line":45,"column":45},"end":{"line":45,"column":83}},{"start":{"line":45,"column":86},"end":{"line":45,"column":142}}]},"2":{"loc":{"start":{"line":53,"column":30},"end":{"line":53,"column":177}},"type":"cond-expr","locations":[{"start":{"line":53,"column":40},"end":{"line":53,"column":110}},{"start":{"line":53,"column":113},"end":{"line":53,"column":177}}]}},"s":{"0":5,"1":5,"2":5,"3":5,"4":1,"5":1,"6":1,"7":0,"8":5,"9":2,"10":2,"11":2,"12":1,"13":1,"14":5,"15":3,"16":3,"17":3,"18":3,"19":2,"20":1,"21":5,"22":2,"23":2,"24":2,"25":2,"26":1,"27":1,"28":0,"29":5,"30":2,"31":2,"32":2,"33":1,"34":1},"f":{"0":1,"1":1,"2":1,"3":0,"4":2,"5":2,"6":1,"7":1,"8":3,"9":3,"10":2,"11":1,"12":2,"13":2,"14":1,"15":0,"16":2,"17":2,"18":1,"19":1},"b":{"0":[1,0],"1":[1,0],"2":[1,0]}}
,"/Users/mauricionascimento/projetos/desafio-final/desafio-final-gama-46-back/src/controller/UserController.ts": {"path":"/Users/mauricionascimento/projetos/desafio-final/desafio-final-gama-46-back/src/controller/UserController.ts","statementMap":{"0":{"start":{"line":2,"column":0},"end":{"line":2,"column":38}},"1":{"start":{"line":3,"column":0},"end":{"line":3,"column":28}},"2":{"start":{"line":4,"column":0},"end":{"line":4,"column":30}},"3":{"start":{"line":5,"column":0},"end":{"line":5,"column":28}},"4":{"start":{"line":7,"column":0},"end":{"line":7,"column":null}},"5":{"start":{"line":9,"column":0},"end":{"line":9,"column":13}},"6":{"start":{"line":10,"column":11},"end":{"line":18,"column":null}},"7":{"start":{"line":10,"column":55},"end":{"line":18,"column":null}},"8":{"start":{"line":11,"column":8},"end":{"line":17,"column":null}},"9":{"start":{"line":12,"column":26},"end":{"line":12,"column":62}},"10":{"start":{"line":13,"column":12},"end":{"line":13,"column":44}},"11":{"start":{"line":15,"column":12},"end":{"line":15,"column":33}},"12":{"start":{"line":16,"column":12},"end":{"line":16,"column":88}},"13":{"start":{"line":19,"column":11},"end":{"line":31,"column":null}},"14":{"start":{"line":19,"column":56},"end":{"line":31,"column":null}},"15":{"start":{"line":20,"column":8},"end":{"line":30,"column":null}},"16":{"start":{"line":21,"column":25},"end":{"line":21,"column":76}},"17":{"start":{"line":22,"column":12},"end":{"line":24,"column":null}},"18":{"start":{"line":23,"column":14},"end":{"line":23,"column":82}},"19":{"start":{"line":26,"column":12},"end":{"line":26,"column":43}},"20":{"start":{"line":28,"column":12},"end":{"line":28,"column":33}},"21":{"start":{"line":29,"column":12},"end":{"line":29,"column":99}},"22":{"start":{"line":32,"column":11},"end":{"line":57,"column":null}},"23":{"start":{"line":32,"column":54},"end":{"line":57,"column":null}},"24":{"start":{"line":33,"column":8},"end":{"line":56,"column":null}},"25":{"start":{"line":34,"column":34},"end":{"line":34,"column":71}},"26":{"start":{"line":35,"column":12},"end":{"line":37,"column":null}},"27":{"start":{"line":36,"column":14},"end":{"line":36,"column":145}},"28":{"start":{"line":39,"column":52},"end":{"line":39,"column":60}},"29":{"start":{"line":41,"column":35},"end":{"line":41,"column":66}},"30":{"start":{"line":43,"column":25},"end":{"line":43,"column":82}},"31":{"start":{"line":44,"column":12},"end":{"line":44,"column":30}},"32":{"start":{"line":46,"column":26},"end":{"line":49,"column":null}},"33":{"start":{"line":52,"column":12},"end":{"line":52,"column":50}},"34":{"start":{"line":54,"column":12},"end":{"line":54,"column":33}},"35":{"start":{"line":55,"column":12},"end":{"line":55,"column":89}},"36":{"start":{"line":58,"column":11},"end":{"line":79,"column":null}},"37":{"start":{"line":58,"column":55},"end":{"line":79,"column":null}},"38":{"start":{"line":59,"column":8},"end":{"line":78,"column":null}},"39":{"start":{"line":60,"column":52},"end":{"line":60,"column":60}},"40":{"start":{"line":62,"column":35},"end":{"line":62,"column":66}},"41":{"start":{"line":64,"column":32},"end":{"line":67,"column":null}},"42":{"start":{"line":70,"column":12},"end":{"line":72,"column":null}},"43":{"start":{"line":71,"column":14},"end":{"line":71,"column":82}},"44":{"start":{"line":74,"column":12},"end":{"line":74,"column":50}},"45":{"start":{"line":76,"column":12},"end":{"line":76,"column":33}},"46":{"start":{"line":77,"column":12},"end":{"line":77,"column":89}},"47":{"start":{"line":80,"column":11},"end":{"line":92,"column":null}},"48":{"start":{"line":80,"column":62},"end":{"line":92,"column":null}},"49":{"start":{"line":81,"column":8},"end":{"line":91,"column":null}},"50":{"start":{"line":82,"column":32},"end":{"line":82,"column":75}},"51":{"start":{"line":83,"column":12},"end":{"line":85,"column":null}},"52":{"start":{"line":84,"column":14},"end":{"line":84,"column":82}},"53":{"start":{"line":87,"column":12},"end":{"line":87,"column":79}},"54":{"start":{"line":89,"column":12},"end":{"line":89,"column":33}},"55":{"start":{"line":90,"column":12},"end":{"line":90,"column":87}}},"fnMap":{"0":{"name":"(anonymous_8)","decl":{"start":{"line":10,"column":21},"end":{"line":10,"column":27}},"loc":{"start":{"line":10,"column":55},"end":{"line":18,"column":null}}},"1":{"name":"(anonymous_9)","decl":{"start":{"line":10,"column":55},"end":{"line":10,"column":null}},"loc":{"start":{"line":10,"column":55},"end":{"line":18,"column":5}}},"2":{"name":"(anonymous_10)","decl":{"start":{"line":19,"column":21},"end":{"line":19,"column":28}},"loc":{"start":{"line":19,"column":56},"end":{"line":31,"column":null}}},"3":{"name":"(anonymous_11)","decl":{"start":{"line":19,"column":56},"end":{"line":19,"column":null}},"loc":{"start":{"line":19,"column":56},"end":{"line":31,"column":5}}},"4":{"name":"(anonymous_12)","decl":{"start":{"line":32,"column":20},"end":{"line":32,"column":26}},"loc":{"start":{"line":32,"column":54},"end":{"line":57,"column":null}}},"5":{"name":"(anonymous_13)","decl":{"start":{"line":32,"column":54},"end":{"line":32,"column":null}},"loc":{"start":{"line":32,"column":54},"end":{"line":57,"column":5}}},"6":{"name":"(anonymous_14)","decl":{"start":{"line":58,"column":20},"end":{"line":58,"column":26}},"loc":{"start":{"line":58,"column":55},"end":{"line":79,"column":null}}},"7":{"name":"(anonymous_15)","decl":{"start":{"line":58,"column":55},"end":{"line":58,"column":null}},"loc":{"start":{"line":58,"column":55},"end":{"line":79,"column":5}}},"8":{"name":"(anonymous_16)","decl":{"start":{"line":80,"column":27},"end":{"line":80,"column":34}},"loc":{"start":{"line":80,"column":62},"end":{"line":92,"column":null}}},"9":{"name":"(anonymous_17)","decl":{"start":{"line":80,"column":62},"end":{"line":80,"column":null}},"loc":{"start":{"line":80,"column":62},"end":{"line":92,"column":5}}}},"branchMap":{"0":{"loc":{"start":{"line":22,"column":12},"end":{"line":24,"column":null}},"type":"if","locations":[{"start":{"line":22,"column":12},"end":{"line":24,"column":null}}]},"1":{"loc":{"start":{"line":35,"column":12},"end":{"line":37,"column":null}},"type":"if","locations":[{"start":{"line":35,"column":12},"end":{"line":37,"column":null}}]},"2":{"loc":{"start":{"line":70,"column":12},"end":{"line":72,"column":null}},"type":"if","locations":[{"start":{"line":70,"column":12},"end":{"line":72,"column":null}}]},"3":{"loc":{"start":{"line":83,"column":12},"end":{"line":85,"column":null}},"type":"if","locations":[{"start":{"line":83,"column":12},"end":{"line":85,"column":null}}]}},"s":{"0":5,"1":5,"2":5,"3":5,"4":5,"5":5,"6":5,"7":1,"8":1,"9":1,"10":1,"11":0,"12":0,"13":5,"14":2,"15":2,"16":2,"17":1,"18":0,"19":1,"20":1,"21":1,"22":5,"23":3,"24":3,"25":3,"26":3,"27":1,"28":2,"29":2,"30":2,"31":2,"32":1,"33":1,"34":1,"35":1,"36":5,"37":1,"38":1,"39":1,"40":1,"41":1,"42":1,"43":1,"44":0,"45":0,"46":0,"47":5,"48":1,"49":1,"50":1,"51":1,"52":1,"53":0,"54":0,"55":0},"f":{"0":1,"1":1,"2":2,"3":2,"4":3,"5":3,"6":1,"7":1,"8":1,"9":1},"b":{"0":[0],"1":[1],"2":[1],"3":[1]}}
,"/Users/mauricionascimento/projetos/desafio-final/desafio-final-gama-46-back/src/database/config.ts": {"path":"/Users/mauricionascimento/projetos/desafio-final/desafio-final-gama-46-back/src/database/config.ts","statementMap":{"0":{"start":{"line":1,"column":0},"end":{"line":1,"column":28}},"1":{"start":{"line":3,"column":0},"end":{"line":3,"column":16}},"2":{"start":{"line":5,"column":0},"end":{"line":9,"column":null}}},"fnMap":{},"branchMap":{},"s":{"0":5,"1":5,"2":5},"f":{},"b":{}}
,"/Users/mauricionascimento/projetos/desafio-final/desafio-final-gama-46-back/src/database/connect.ts": {"path":"/Users/mauricionascimento/projetos/desafio-final/desafio-final-gama-46-back/src/database/connect.ts","statementMap":{"0":{"start":{"line":1,"column":0},"end":{"line":1,"column":32}},"1":{"start":{"line":2,"column":0},"end":{"line":2,"column":31}},"2":{"start":{"line":4,"column":16},"end":{"line":14,"column":null}},"3":{"start":{"line":4,"column":26},"end":{"line":14,"column":null}},"4":{"start":{"line":5,"column":4},"end":{"line":13,"column":null}},"5":{"start":{"line":6,"column":22},"end":{"line":6,"column":42}},"6":{"start":{"line":7,"column":8},"end":{"line":7,"column":41}},"7":{"start":{"line":8,"column":8},"end":{"line":8,"column":76}},"8":{"start":{"line":9,"column":8},"end":{"line":9,"column":42}},"9":{"start":{"line":11,"column":8},"end":{"line":11,"column":null}},"10":{"start":{"line":12,"column":8},"end":{"line":12,"column":null}},"11":{"start":{"line":16,"column":0},"end":{"line":16,"column":null}}},"fnMap":{"0":{"name":"(anonymous_8)","decl":{"start":{"line":4,"column":16},"end":{"line":4,"column":24}},"loc":{"start":{"line":4,"column":26},"end":{"line":14,"column":null}}},"1":{"name":"(anonymous_9)","decl":{"start":{"line":4,"column":26},"end":{"line":4,"column":null}},"loc":{"start":{"line":4,"column":26},"end":{"line":14,"column":1}}}},"branchMap":{},"s":{"0":5,"1":5,"2":5,"3":5,"4":5,"5":5,"6":5,"7":5,"8":5,"9":0,"10":0,"11":5},"f":{"0":5,"1":5},"b":{}}
,"/Users/mauricionascimento/projetos/desafio-final/desafio-final-gama-46-back/src/entities/Category.ts": {"path":"/Users/mauricionascimento/projetos/desafio-final/desafio-final-gama-46-back/src/entities/Category.ts","statementMap":{"0":{"start":{"line":1,"column":0},"end":{"line":1,"column":40}},"1":{"start":{"line":7,"column":30},"end":{"line":12,"column":null}},"2":{"start":{"line":15,"column":0},"end":{"line":15,"column":null}}},"fnMap":{},"branchMap":{},"s":{"0":5,"1":5,"2":5},"f":{},"b":{}}
,"/Users/mauricionascimento/projetos/desafio-final/desafio-final-gama-46-back/src/entities/Order.ts": {"path":"/Users/mauricionascimento/projetos/desafio-final/desafio-final-gama-46-back/src/entities/Order.ts","statementMap":{"0":{"start":{"line":1,"column":0},"end":{"line":1,"column":44}},"1":{"start":{"line":11,"column":36},"end":{"line":16,"column":null}},"2":{"start":{"line":19,"column":0},"end":{"line":19,"column":null}}},"fnMap":{},"branchMap":{},"s":{"0":5,"1":5,"2":5},"f":{},"b":{}}
,"/Users/mauricionascimento/projetos/desafio-final/desafio-final-gama-46-back/src/entities/Product.ts": {"path":"/Users/mauricionascimento/projetos/desafio-final/desafio-final-gama-46-back/src/entities/Product.ts","statementMap":{"0":{"start":{"line":2,"column":0},"end":{"line":2,"column":42}},"1":{"start":{"line":13,"column":39},"end":{"line":22,"column":null}},"2":{"start":{"line":25,"column":0},"end":{"line":25,"column":null}}},"fnMap":{},"branchMap":{},"s":{"0":5,"1":5,"2":5},"f":{},"b":{}}
,"/Users/mauricionascimento/projetos/desafio-final/desafio-final-gama-46-back/src/entities/User.ts": {"path":"/Users/mauricionascimento/projetos/desafio-final/desafio-final-gama-46-back/src/entities/User.ts","statementMap":{"0":{"start":{"line":1,"column":0},"end":{"line":1,"column":40}},"1":{"start":{"line":2,"column":0},"end":{"line":2,"column":27}},"2":{"start":{"line":13,"column":34},"end":{"line":32,"column":2}},"3":{"start":{"line":33,"column":0},"end":{"line":43,"column":null}},"4":{"start":{"line":34,"column":13},"end":{"line":34,"column":17}},"5":{"start":{"line":36,"column":2},"end":{"line":36,"column":50}},"6":{"start":{"line":36,"column":36},"end":{"line":36,"column":50}},"7":{"start":{"line":38,"column":15},"end":{"line":38,"column":39}},"8":{"start":{"line":40,"column":15},"end":{"line":40,"column":57}},"9":{"start":{"line":42,"column":2},"end":{"line":42,"column":null}},"10":{"start":{"line":46,"column":13},"end":{"line":46,"column":null}}},"fnMap":{"0":{"name":"(anonymous_8)","decl":{"start":{"line":33,"column":23},"end":{"line":33,"column":38}},"loc":{"start":{"line":33,"column":42},"end":{"line":43,"column":2}}}},"branchMap":{"0":{"loc":{"start":{"line":36,"column":2},"end":{"line":36,"column":50}},"type":"if","locations":[{"start":{"line":36,"column":2},"end":{"line":36,"column":50}}]}},"s":{"0":5,"1":5,"2":5,"3":5,"4":13,"5":13,"6":0,"7":13,"8":13,"9":13,"10":5},"f":{"0":13},"b":{"0":[0]}}
,"/Users/mauricionascimento/projetos/desafio-final/desafio-final-gama-46-back/src/middlewares/CheckAdmin.ts": {"path":"/Users/mauricionascimento/projetos/desafio-final/desafio-final-gama-46-back/src/middlewares/CheckAdmin.ts","statementMap":{"0":{"start":{"line":3,"column":27},"end":{"line":8,"column":1}},"1":{"start":{"line":4,"column":4},"end":{"line":5,"column":87}},"2":{"start":{"line":5,"column":8},"end":{"line":5,"column":87}},"3":{"start":{"line":7,"column":4},"end":{"line":7,"column":11}},"4":{"start":{"line":3,"column":13},"end":{"line":3,"column":27}}},"fnMap":{"0":{"name":"(anonymous_0)","decl":{"start":{"line":3,"column":27},"end":{"line":3,"column":28}},"loc":{"start":{"line":3,"column":73},"end":{"line":8,"column":1}}}},"branchMap":{"0":{"loc":{"start":{"line":4,"column":4},"end":{"line":5,"column":87}},"type":"if","locations":[{"start":{"line":4,"column":4},"end":{"line":5,"column":87}}]}},"s":{"0":5,"1":24,"2":0,"3":24,"4":5},"f":{"0":24},"b":{"0":[0]}}
,"/Users/mauricionascimento/projetos/desafio-final/desafio-final-gama-46-back/src/middlewares/CheckAuth.ts": {"path":"/Users/mauricionascimento/projetos/desafio-final/desafio-final-gama-46-back/src/middlewares/CheckAuth.ts","statementMap":{"0":{"start":{"line":2,"column":0},"end":{"line":2,"column":31}},"1":{"start":{"line":3,"column":0},"end":{"line":3,"column":27}},"2":{"start":{"line":4,"column":0},"end":{"line":4,"column":null}},"3":{"start":{"line":6,"column":25},"end":{"line":19,"column":1}},"4":{"start":{"line":7,"column":23},"end":{"line":7,"column":48}},"5":{"start":{"line":8,"column":4},"end":{"line":10,"column":null}},"6":{"start":{"line":9,"column":8},"end":{"line":9,"column":89}},"7":{"start":{"line":11,"column":4},"end":{"line":18,"column":null}},"8":{"start":{"line":12,"column":29},"end":{"line":12,"column":85}},"9":{"start":{"line":13,"column":8},"end":{"line":13,"column":41}},"10":{"start":{"line":14,"column":8},"end":{"line":14,"column":41}},"11":{"start":{"line":15,"column":8},"end":{"line":15,"column":15}},"12":{"start":{"line":17,"column":8},"end":{"line":17,"column":77}},"13":{"start":{"line":6,"column":13},"end":{"line":6,"column":25}}},"fnMap":{"0":{"name":"(anonymous_1)","decl":{"start":{"line":6,"column":25},"end":{"line":6,"column":26}},"loc":{"start":{"line":6,"column":71},"end":{"line":19,"column":1}}}},"branchMap":{"0":{"loc":{"start":{"line":8,"column":4},"end":{"line":10,"column":null}},"type":"if","locations":[{"start":{"line":8,"column":4},"end":{"line":10,"column":null}}]}},"s":{"0":5,"1":5,"2":5,"3":5,"4":24,"5":24,"6":0,"7":24,"8":24,"9":24,"10":24,"11":24,"12":0,"13":5},"f":{"0":24},"b":{"0":[0]}}
,"/Users/mauricionascimento/projetos/desafio-final/desafio-final-gama-46-back/src/routes/auth.ts": {"path":"/Users/mauricionascimento/projetos/desafio-final/desafio-final-gama-46-back/src/routes/auth.ts","statementMap":{"0":{"start":{"line":1,"column":0},"end":{"line":1,"column":33}},"1":{"start":{"line":2,"column":0},"end":{"line":2,"column":62}},"2":{"start":{"line":4,"column":15},"end":{"line":4,"column":23}},"3":{"start":{"line":6,"column":0},"end":{"line":6,"column":null}},"4":{"start":{"line":8,"column":0},"end":{"line":8,"column":null}}},"fnMap":{},"branchMap":{},"s":{"0":5,"1":5,"2":5,"3":5,"4":5},"f":{},"b":{}}
,"/Users/mauricionascimento/projetos/desafio-final/desafio-final-gama-46-back/src/routes/category.ts": {"path":"/Users/mauricionascimento/projetos/desafio-final/desafio-final-gama-46-back/src/routes/category.ts","statementMap":{"0":{"start":{"line":1,"column":0},"end":{"line":1,"column":30}},"1":{"start":{"line":2,"column":0},"end":{"line":2,"column":70}},"2":{"start":{"line":3,"column":0},"end":{"line":3,"column":55}},"3":{"start":{"line":4,"column":0},"end":{"line":4,"column":53}},"4":{"start":{"line":6,"column":15},"end":{"line":6,"column":23}},"5":{"start":{"line":8,"column":0},"end":{"line":8,"column":47}},"6":{"start":{"line":9,"column":0},"end":{"line":9,"column":50}},"7":{"start":{"line":10,"column":0},"end":{"line":10,"column":67}},"8":{"start":{"line":11,"column":0},"end":{"line":11,"column":70}},"9":{"start":{"line":12,"column":0},"end":{"line":12,"column":80}},"10":{"start":{"line":15,"column":0},"end":{"line":15,"column":null}}},"fnMap":{},"branchMap":{},"s":{"0":5,"1":5,"2":5,"3":5,"4":5,"5":5,"6":5,"7":5,"8":5,"9":5,"10":5},"f":{},"b":{}}
,"/Users/mauricionascimento/projetos/desafio-final/desafio-final-gama-46-back/src/routes/index.ts": {"path":"/Users/mauricionascimento/projetos/desafio-final/desafio-final-gama-46-back/src/routes/index.ts","statementMap":{"0":{"start":{"line":1,"column":0},"end":{"line":1,"column":33}},"1":{"start":{"line":2,"column":0},"end":{"line":2,"column":33}},"2":{"start":{"line":3,"column":0},"end":{"line":3,"column":27}},"3":{"start":{"line":4,"column":0},"end":{"line":4,"column":31}},"4":{"start":{"line":5,"column":0},"end":{"line":5,"column":25}},"5":{"start":{"line":6,"column":0},"end":{"line":6,"column":25}},"6":{"start":{"line":8,"column":15},"end":{"line":8,"column":23}},"7":{"start":{"line":10,"column":0},"end":{"line":10,"column":null}},"8":{"start":{"line":11,"column":0},"end":{"line":11,"column":null}},"9":{"start":{"line":12,"column":0},"end":{"line":12,"column":null}},"10":{"start":{"line":13,"column":0},"end":{"line":13,"column":null}},"11":{"start":{"line":14,"column":0},"end":{"line":14,"column":null}},"12":{"start":{"line":16,"column":0},"end":{"line":16,"column":null}}},"fnMap":{},"branchMap":{},"s":{"0":5,"1":5,"2":5,"3":5,"4":5,"5":5,"6":5,"7":5,"8":5,"9":5,"10":5,"11":5,"12":5},"f":{},"b":{}}
,"/Users/mauricionascimento/projetos/desafio-final/desafio-final-gama-46-back/src/routes/order.ts": {"path":"/Users/mauricionascimento/projetos/desafio-final/desafio-final-gama-46-back/src/routes/order.ts","statementMap":{"0":{"start":{"line":1,"column":0},"end":{"line":1,"column":30}},"1":{"start":{"line":2,"column":0},"end":{"line":2,"column":64}},"2":{"start":{"line":3,"column":0},"end":{"line":3,"column":55}},"3":{"start":{"line":4,"column":0},"end":{"line":4,"column":53}},"4":{"start":{"line":6,"column":15},"end":{"line":6,"column":23}},"5":{"start":{"line":8,"column":0},"end":{"line":8,"column":44}},"6":{"start":{"line":9,"column":0},"end":{"line":9,"column":47}},"7":{"start":{"line":10,"column":0},"end":{"line":10,"column":64}},"8":{"start":{"line":11,"column":0},"end":{"line":11,"column":67}},"9":{"start":{"line":12,"column":0},"end":{"line":12,"column":77}},"10":{"start":{"line":15,"column":0},"end":{"line":15,"column":null}}},"fnMap":{},"branchMap":{},"s":{"0":5,"1":5,"2":5,"3":5,"4":5,"5":5,"6":5,"7":5,"8":5,"9":5,"10":5},"f":{},"b":{}}
,"/Users/mauricionascimento/projetos/desafio-final/desafio-final-gama-46-back/src/routes/product.ts": {"path":"/Users/mauricionascimento/projetos/desafio-final/desafio-final-gama-46-back/src/routes/product.ts","statementMap":{"0":{"start":{"line":1,"column":0},"end":{"line":1,"column":30}},"1":{"start":{"line":2,"column":0},"end":{"line":2,"column":68}},"2":{"start":{"line":3,"column":0},"end":{"line":3,"column":55}},"3":{"start":{"line":4,"column":0},"end":{"line":4,"column":53}},"4":{"start":{"line":7,"column":15},"end":{"line":7,"column":23}},"5":{"start":{"line":9,"column":0},"end":{"line":9,"column":46}},"6":{"start":{"line":10,"column":0},"end":{"line":10,"column":49}},"7":{"start":{"line":11,"column":0},"end":{"line":11,"column":66}},"8":{"start":{"line":12,"column":0},"end":{"line":12,"column":69}},"9":{"start":{"line":13,"column":0},"end":{"line":13,"column":79}},"10":{"start":{"line":16,"column":0},"end":{"line":16,"column":null}}},"fnMap":{},"branchMap":{},"s":{"0":5,"1":5,"2":5,"3":5,"4":5,"5":5,"6":5,"7":5,"8":5,"9":5,"10":5},"f":{},"b":{}}
,"/Users/mauricionascimento/projetos/desafio-final/desafio-final-gama-46-back/src/routes/user.ts": {"path":"/Users/mauricionascimento/projetos/desafio-final/desafio-final-gama-46-back/src/routes/user.ts","statementMap":{"0":{"start":{"line":1,"column":0},"end":{"line":1,"column":30}},"1":{"start":{"line":2,"column":0},"end":{"line":2,"column":62}},"2":{"start":{"line":3,"column":0},"end":{"line":3,"column":55}},"3":{"start":{"line":4,"column":0},"end":{"line":4,"column":53}},"4":{"start":{"line":6,"column":15},"end":{"line":6,"column":23}},"5":{"start":{"line":8,"column":0},"end":{"line":8,"column":43}},"6":{"start":{"line":9,"column":0},"end":{"line":9,"column":46}},"7":{"start":{"line":10,"column":0},"end":{"line":10,"column":63}},"8":{"start":{"line":11,"column":0},"end":{"line":11,"column":63}},"9":{"start":{"line":12,"column":0},"end":{"line":12,"column":73}},"10":{"start":{"line":15,"column":0},"end":{"line":15,"column":null}}},"fnMap":{},"branchMap":{},"s":{"0":5,"1":5,"2":5,"3":5,"4":5,"5":5,"6":5,"7":5,"8":5,"9":5,"10":5},"f":{},"b":{}}
}
