TN:
SF:src/app.ts
FNF:0
FNH:0
DA:1,5
DA:2,5
DA:3,5
DA:4,5
DA:5,5
DA:7,5
DA:8,5
DA:11,5
DA:12,5
DA:13,5
DA:15,5
DA:18,5
LF:12
LH:12
BRF:0
BRH:0
end_of_record
TN:
SF:src/index.ts
FN:7,(anonymous_1)
FNF:1
FNH:1
FNDA:5,(anonymous_1)
DA:1,5
DA:2,5
DA:3,5
DA:5,5
DA:7,5
DA:8,5
DA:9,5
DA:12,5
LF:8
LH:8
BRDA:7,0,0,5
BRDA:7,0,1,0
BRF:2
BRH:1
end_of_record
TN:
SF:src/controller/AuthController.ts
FN:11,(anonymous_8)
FN:11,(anonymous_9)
FNF:2
FNH:2
FNDA:30,(anonymous_8)
FNDA:30,(anonymous_9)
DA:2,5
DA:3,5
DA:4,5
DA:5,5
DA:7,5
DA:10,5
DA:11,30
DA:12,30
DA:13,30
DA:15,30
DA:16,30
DA:17,1
DA:20,29
DA:21,29
DA:22,1
DA:25,28
DA:31,28
DA:33,0
DA:34,0
LF:19
LH:17
BRDA:16,0,0,1
BRDA:21,1,0,1
BRF:2
BRH:2
end_of_record
TN:
SF:src/controller/CategoryController.ts
FN:7,(anonymous_8)
FN:7,(anonymous_9)
FN:9,(anonymous_10)
FN:10,(anonymous_11)
FN:13,(anonymous_12)
FN:13,(anonymous_13)
FN:17,(anonymous_14)
FN:18,(anonymous_15)
FN:21,(anonymous_16)
FN:21,(anonymous_17)
FN:29,(anonymous_18)
FN:30,(anonymous_19)
FN:33,(anonymous_20)
FN:33,(anonymous_21)
FN:39,(anonymous_22)
FN:40,(anonymous_23)
FN:43,(anonymous_24)
FN:43,(anonymous_25)
FN:47,(anonymous_26)
FN:48,(anonymous_27)
FNF:20
FNH:18
FNDA:1,(anonymous_8)
FNDA:1,(anonymous_9)
FNDA:1,(anonymous_10)
FNDA:0,(anonymous_11)
FNDA:2,(anonymous_12)
FNDA:2,(anonymous_13)
FNDA:1,(anonymous_14)
FNDA:1,(anonymous_15)
FNDA:3,(anonymous_16)
FNDA:3,(anonymous_17)
FNDA:2,(anonymous_18)
FNDA:1,(anonymous_19)
FNDA:2,(anonymous_20)
FNDA:2,(anonymous_21)
FNDA:1,(anonymous_22)
FNDA:0,(anonymous_23)
FNDA:2,(anonymous_24)
FNDA:2,(anonymous_25)
FNDA:1,(anonymous_26)
FNDA:1,(anonymous_27)
DA:1,5
DA:3,5
DA:5,5
DA:7,5
DA:8,1
DA:9,1
DA:10,0
DA:13,5
DA:14,2
DA:16,2
DA:17,1
DA:18,1
DA:21,5
DA:22,3
DA:23,3
DA:28,3
DA:29,2
DA:30,1
DA:33,5
DA:34,2
DA:35,2
DA:36,2
DA:38,1
DA:39,1
DA:40,0
DA:43,5
DA:44,2
DA:46,2
DA:47,1
DA:48,1
LF:30
LH:28
BRDA:17,0,0,1
BRDA:17,0,1,0
BRDA:39,1,0,1
BRDA:39,1,1,0
BRDA:47,2,0,1
BRDA:47,2,1,0
BRF:6
BRH:3
end_of_record
TN:
SF:src/controller/OrderController.ts
FN:7,(anonymous_8)
FN:7,(anonymous_9)
FN:9,(anonymous_10)
FN:10,(anonymous_11)
FN:13,(anonymous_12)
FN:13,(anonymous_13)
FN:17,(anonymous_14)
FN:18,(anonymous_15)
FN:21,(anonymous_16)
FN:21,(anonymous_17)
FN:25,(anonymous_18)
FN:36,(anonymous_19)
FN:37,(anonymous_20)
FN:40,(anonymous_21)
FN:40,(anonymous_22)
FN:45,(anonymous_23)
FN:51,(anonymous_24)
FN:52,(anonymous_25)
FN:55,(anonymous_26)
FN:55,(anonymous_27)
FN:59,(anonymous_28)
FN:60,(anonymous_29)
FNF:22
FNH:19
FNDA:1,(anonymous_8)
FNDA:1,(anonymous_9)
FNDA:1,(anonymous_10)
FNDA:0,(anonymous_11)
FNDA:2,(anonymous_12)
FNDA:2,(anonymous_13)
FNDA:1,(anonymous_14)
FNDA:1,(anonymous_15)
FNDA:1,(anonymous_16)
FNDA:1,(anonymous_17)
FNDA:2,(anonymous_18)
FNDA:1,(anonymous_19)
FNDA:0,(anonymous_20)
FNDA:2,(anonymous_21)
FNDA:2,(anonymous_22)
FNDA:3,(anonymous_23)
FNDA:1,(anonymous_24)
FNDA:0,(anonymous_25)
FNDA:2,(anonymous_26)
FNDA:2,(anonymous_27)
FNDA:1,(anonymous_28)
FNDA:1,(anonymous_29)
DA:2,5
DA:3,5
DA:6,5
DA:7,5
DA:8,1
DA:9,1
DA:10,0
DA:13,5
DA:14,2
DA:16,2
DA:17,1
DA:18,1
DA:21,5
DA:22,1
DA:23,1
DA:24,1
DA:25,1
DA:26,2
DA:28,1
DA:35,1
DA:36,1
DA:37,0
DA:40,5
DA:41,2
DA:42,2
DA:43,2
DA:44,2
DA:45,2
DA:46,3
DA:48,2
DA:50,1
DA:51,1
DA:52,0
DA:55,5
DA:56,2
DA:58,2
DA:59,1
DA:60,1
LF:38
LH:35
BRDA:17,0,0,1
BRDA:17,0,1,0
BRDA:51,1,0,1
BRDA:51,1,1,0
BRDA:59,2,0,1
BRDA:59,2,1,0
BRF:6
BRH:3
end_of_record
TN:
SF:src/controller/ProductController.ts
FN:8,(anonymous_8)
FN:8,(anonymous_9)
FN:10,(anonymous_10)
FN:11,(anonymous_11)
FN:14,(anonymous_12)
FN:14,(anonymous_13)
FN:18,(anonymous_14)
FN:19,(anonymous_15)
FN:22,(anonymous_16)
FN:22,(anonymous_17)
FN:34,(anonymous_18)
FN:35,(anonymous_19)
FN:38,(anonymous_20)
FN:38,(anonymous_21)
FN:45,(anonymous_22)
FN:46,(anonymous_23)
FN:49,(anonymous_24)
FN:49,(anonymous_25)
FN:53,(anonymous_26)
FN:54,(anonymous_27)
FNF:20
FNH:18
FNDA:1,(anonymous_8)
FNDA:1,(anonymous_9)
FNDA:1,(anonymous_10)
FNDA:0,(anonymous_11)
FNDA:2,(anonymous_12)
FNDA:2,(anonymous_13)
FNDA:1,(anonymous_14)
FNDA:1,(anonymous_15)
FNDA:3,(anonymous_16)
FNDA:3,(anonymous_17)
FNDA:2,(anonymous_18)
FNDA:1,(anonymous_19)
FNDA:2,(anonymous_20)
FNDA:2,(anonymous_21)
FNDA:1,(anonymous_22)
FNDA:0,(anonymous_23)
FNDA:2,(anonymous_24)
FNDA:2,(anonymous_25)
FNDA:1,(anonymous_26)
FNDA:1,(anonymous_27)
DA:2,5
DA:4,5
DA:6,5
DA:8,5
DA:9,1
DA:10,1
DA:11,0
DA:14,5
DA:15,2
DA:17,2
DA:18,1
DA:19,1
DA:22,5
DA:23,3
DA:24,3
DA:33,3
DA:34,2
DA:35,1
DA:38,5
DA:39,2
DA:40,2
DA:42,2
DA:44,1
DA:45,1
DA:46,0
DA:49,5
DA:50,2
DA:52,2
DA:53,1
DA:54,1
LF:30
LH:28
BRDA:18,0,0,1
BRDA:18,0,1,0
BRDA:45,1,0,1
BRDA:45,1,1,0
BRDA:53,2,0,1
BRDA:53,2,1,0
BRF:6
BRH:3
end_of_record
TN:
SF:src/controller/UserController.ts
FN:10,(anonymous_8)
FN:10,(anonymous_9)
FN:19,(anonymous_10)
FN:19,(anonymous_11)
FN:32,(anonymous_12)
FN:32,(anonymous_13)
FN:58,(anonymous_14)
FN:58,(anonymous_15)
FN:80,(anonymous_16)
FN:80,(anonymous_17)
FNF:10
FNH:10
FNDA:1,(anonymous_8)
FNDA:1,(anonymous_9)
FNDA:2,(anonymous_10)
FNDA:2,(anonymous_11)
FNDA:3,(anonymous_12)
FNDA:3,(anonymous_13)
FNDA:1,(anonymous_14)
FNDA:1,(anonymous_15)
FNDA:1,(anonymous_16)
FNDA:1,(anonymous_17)
DA:2,5
DA:3,5
DA:4,5
DA:5,5
DA:7,5
DA:9,5
DA:10,5
DA:11,1
DA:12,1
DA:13,1
DA:15,0
DA:16,0
DA:19,5
DA:20,2
DA:21,2
DA:22,1
DA:23,0
DA:26,1
DA:28,1
DA:29,1
DA:32,5
DA:33,3
DA:34,3
DA:35,3
DA:36,1
DA:39,2
DA:41,2
DA:43,2
DA:44,2
DA:46,1
DA:52,1
DA:54,1
DA:55,1
DA:58,5
DA:59,1
DA:60,1
DA:62,1
DA:64,1
DA:70,1
DA:71,1
DA:74,0
DA:76,0
DA:77,0
DA:80,5
DA:81,1
DA:82,1
DA:83,1
DA:84,1
DA:87,0
DA:89,0
DA:90,0
LF:51
LH:42
BRDA:22,0,0,0
BRDA:35,1,0,1
BRDA:70,2,0,1
BRDA:83,3,0,1
BRF:4
BRH:3
end_of_record
TN:
SF:src/database/config.ts
FNF:0
FNH:0
DA:1,5
DA:3,5
DA:5,5
LF:3
LH:3
BRF:0
BRH:0
end_of_record
TN:
SF:src/database/connect.ts
FN:4,(anonymous_8)
FN:4,(anonymous_9)
FNF:2
FNH:2
FNDA:5,(anonymous_8)
FNDA:5,(anonymous_9)
DA:1,5
DA:2,5
DA:4,5
DA:5,5
DA:6,5
DA:7,5
DA:8,5
DA:9,5
DA:11,0
DA:12,0
DA:16,5
LF:11
LH:9
BRF:0
BRH:0
end_of_record
TN:
SF:src/entities/Category.ts
FNF:0
FNH:0
DA:1,5
DA:7,5
DA:15,5
LF:3
LH:3
BRF:0
BRH:0
end_of_record
TN:
SF:src/entities/Order.ts
FNF:0
FNH:0
DA:1,5
DA:11,5
DA:19,5
LF:3
LH:3
BRF:0
BRH:0
end_of_record
TN:
SF:src/entities/Product.ts
FNF:0
FNH:0
DA:2,5
DA:13,5
DA:25,5
LF:3
LH:3
BRF:0
BRH:0
end_of_record
TN:
SF:src/entities/User.ts
FN:33,(anonymous_8)
FNF:1
FNH:1
FNDA:13,(anonymous_8)
DA:1,5
DA:2,5
DA:13,5
DA:33,5
DA:34,13
DA:36,13
DA:38,13
DA:40,13
DA:42,13
DA:46,5
LF:10
LH:10
BRDA:36,0,0,0
BRF:1
BRH:0
end_of_record
TN:
SF:src/middlewares/CheckAdmin.ts
FN:3,(anonymous_0)
FNF:1
FNH:1
FNDA:24,(anonymous_0)
DA:3,5
DA:4,24
DA:5,0
DA:7,24
LF:4
LH:3
BRDA:4,0,0,0
BRF:1
BRH:0
end_of_record
TN:
SF:src/middlewares/CheckAuth.ts
FN:6,(anonymous_1)
FNF:1
FNH:1
FNDA:24,(anonymous_1)
DA:2,5
DA:3,5
DA:4,5
DA:6,5
DA:7,24
DA:8,24
DA:9,0
DA:11,24
DA:12,24
DA:13,24
DA:14,24
DA:15,24
DA:17,0
LF:13
LH:11
BRDA:8,0,0,0
BRF:1
BRH:0
end_of_record
TN:
SF:src/routes/auth.ts
FNF:0
FNH:0
DA:1,5
DA:2,5
DA:4,5
DA:6,5
DA:8,5
LF:5
LH:5
BRF:0
BRH:0
end_of_record
TN:
SF:src/routes/category.ts
FNF:0
FNH:0
DA:1,5
DA:2,5
DA:3,5
DA:4,5
DA:6,5
DA:8,5
DA:9,5
DA:10,5
DA:11,5
DA:12,5
DA:15,5
LF:11
LH:11
BRF:0
BRH:0
end_of_record
TN:
SF:src/routes/index.ts
FNF:0
FNH:0
DA:1,5
DA:2,5
DA:3,5
DA:4,5
DA:5,5
DA:6,5
DA:8,5
DA:10,5
DA:11,5
DA:12,5
DA:13,5
DA:14,5
DA:16,5
LF:13
LH:13
BRF:0
BRH:0
end_of_record
TN:
SF:src/routes/order.ts
FNF:0
FNH:0
DA:1,5
DA:2,5
DA:3,5
DA:4,5
DA:6,5
DA:8,5
DA:9,5
DA:10,5
DA:11,5
DA:12,5
DA:15,5
LF:11
LH:11
BRF:0
BRH:0
end_of_record
TN:
SF:src/routes/product.ts
FNF:0
FNH:0
DA:1,5
DA:2,5
DA:3,5
DA:4,5
DA:7,5
DA:9,5
DA:10,5
DA:11,5
DA:12,5
DA:13,5
DA:16,5
LF:11
LH:11
BRF:0
BRH:0
end_of_record
TN:
SF:src/routes/user.ts
FNF:0
FNH:0
DA:1,5
DA:2,5
DA:3,5
DA:4,5
DA:6,5
DA:8,5
DA:9,5
DA:10,5
DA:11,5
DA:12,5
DA:15,5
LF:11
LH:11
BRF:0
BRH:0
end_of_record
