TN:
SF:src/app.ts
FNF:0
FNH:0
DA:1,6
DA:2,6
DA:3,6
DA:4,6
DA:5,6
DA:7,6
DA:8,6
DA:11,6
DA:12,6
DA:13,6
DA:15,6
DA:18,6
LF:12
LH:12
BRF:0
BRH:0
end_of_record
TN:
SF:src/index.ts
FN:7,(anonymous_1)
FNF:1
FNH:1
FNDA:6,(anonymous_1)
DA:1,6
DA:2,6
DA:3,6
DA:5,6
DA:7,6
DA:8,6
DA:9,6
DA:12,6
LF:8
LH:8
BRDA:7,0,0,6
BRDA:7,0,1,0
BRF:2
BRH:1
end_of_record
TN:
SF:src/controller/AuthController.ts
FN:11,(anonymous_8)
FN:11,(anonymous_9)
FN:36,(anonymous_10)
FN:36,(anonymous_11)
FNF:4
FNH:4
FNDA:53,(anonymous_8)
FNDA:53,(anonymous_9)
FNDA:2,(anonymous_10)
FNDA:2,(anonymous_11)
DA:2,6
DA:3,6
DA:4,6
DA:5,6
DA:7,6
DA:10,6
DA:11,53
DA:12,53
DA:13,53
DA:15,53
DA:16,53
DA:17,1
DA:20,52
DA:21,52
DA:22,1
DA:25,51
DA:31,51
DA:33,0
DA:36,6
DA:37,2
DA:38,2
DA:39,2
DA:40,2
DA:41,1
DA:43,1
DA:44,1
DA:46,1
DA:47,1
DA:48,1
DA:50,1
DA:56,1
DA:58,0
DA:61,0
LF:33
LH:30
BRDA:16,0,0,1
BRDA:21,1,0,1
BRDA:40,2,0,1
BRDA:40,3,0,2
BRDA:40,3,1,2
BRDA:40,3,2,2
BRDA:46,4,0,1
BRDA:46,4,1,0
BRDA:46,5,0,1
BRDA:46,5,1,1
BRF:10
BRH:9
end_of_record
TN:
SF:src/controller/CategoryController.ts
FN:6,(anonymous_8)
FN:6,(anonymous_9)
FN:15,(anonymous_10)
FN:15,(anonymous_11)
FN:32,(anonymous_12)
FN:32,(anonymous_13)
FN:48,(anonymous_14)
FN:48,(anonymous_15)
FN:64,(anonymous_16)
FN:64,(anonymous_17)
FNF:10
FNH:10
FNDA:1,(anonymous_8)
FNDA:1,(anonymous_9)
FNDA:2,(anonymous_10)
FNDA:2,(anonymous_11)
FNDA:2,(anonymous_12)
FNDA:2,(anonymous_13)
FNDA:3,(anonymous_14)
FNDA:3,(anonymous_15)
FNDA:3,(anonymous_16)
FNDA:3,(anonymous_17)
DA:1,6
DA:3,6
DA:5,6
DA:6,6
DA:7,1
DA:8,1
DA:9,1
DA:11,0
DA:15,6
DA:16,2
DA:17,2
DA:18,2
DA:19,1
DA:23,1
DA:32,6
DA:33,2
DA:34,2
DA:38,2
DA:39,2
DA:40,1
DA:42,1
DA:48,6
DA:49,3
DA:50,3
DA:51,3
DA:52,3
DA:53,2
DA:54,2
DA:58,1
DA:64,6
DA:65,3
DA:66,3
DA:67,3
DA:68,2
DA:76,1
LF:35
LH:34
BRDA:19,0,0,1
BRDA:19,0,1,0
BRDA:54,1,0,1
BRDA:54,1,1,1
BRDA:68,2,0,1
BRDA:68,2,1,1
BRF:6
BRH:5
end_of_record
TN:
SF:src/controller/CouponController.ts
FN:7,(anonymous_8)
FN:7,(anonymous_9)
FN:16,(anonymous_10)
FN:16,(anonymous_11)
FN:32,(anonymous_12)
FN:32,(anonymous_13)
FN:43,(anonymous_14)
FN:43,(anonymous_15)
FN:57,(anonymous_16)
FN:57,(anonymous_17)
FNF:10
FNH:10
FNDA:1,(anonymous_8)
FNDA:1,(anonymous_9)
FNDA:2,(anonymous_10)
FNDA:2,(anonymous_11)
FNDA:2,(anonymous_12)
FNDA:2,(anonymous_13)
FNDA:2,(anonymous_14)
FNDA:2,(anonymous_15)
FNDA:2,(anonymous_16)
FNDA:2,(anonymous_17)
DA:3,6
DA:5,6
DA:7,6
DA:8,1
DA:9,1
DA:10,1
DA:12,0
DA:16,6
DA:17,2
DA:18,2
DA:19,2
DA:21,1
DA:25,1
DA:32,6
DA:33,2
DA:34,2
DA:35,2
DA:36,2
DA:37,1
DA:39,1
DA:43,6
DA:44,2
DA:45,2
DA:46,2
DA:47,2
DA:48,1
DA:49,1
DA:53,1
DA:57,6
DA:58,2
DA:59,2
DA:60,2
DA:61,1
DA:65,1
LF:34
LH:33
BRDA:21,0,0,1
BRDA:21,0,1,0
BRDA:49,1,0,1
BRDA:49,1,1,0
BRDA:61,2,0,1
BRDA:61,2,1,0
BRF:6
BRH:3
end_of_record
TN:
SF:src/controller/OrderController.ts
FN:8,(anonymous_8)
FN:8,(anonymous_9)
FN:23,(anonymous_10)
FN:23,(anonymous_11)
FN:41,(anonymous_12)
FN:41,(anonymous_13)
FN:54,(anonymous_14)
FN:54,(anonymous_15)
FN:60,(anonymous_16)
FN:87,(anonymous_17)
FN:87,(anonymous_18)
FN:108,(anonymous_19)
FN:108,(anonymous_20)
FN:114,(anonymous_21)
FN:138,(anonymous_22)
FN:138,(anonymous_23)
FNF:16
FNH:16
FNDA:1,(anonymous_8)
FNDA:1,(anonymous_9)
FNDA:2,(anonymous_10)
FNDA:2,(anonymous_11)
FNDA:4,(anonymous_12)
FNDA:4,(anonymous_13)
FNDA:4,(anonymous_14)
FNDA:4,(anonymous_15)
FNDA:4,(anonymous_16)
FNDA:5,(anonymous_17)
FNDA:5,(anonymous_18)
FNDA:5,(anonymous_19)
FNDA:5,(anonymous_20)
FNDA:5,(anonymous_21)
FNDA:2,(anonymous_22)
FNDA:2,(anonymous_23)
DA:2,6
DA:3,6
DA:4,6
DA:5,6
DA:7,6
DA:8,6
DA:9,1
DA:10,1
DA:14,1
DA:16,0
DA:23,6
DA:24,2
DA:25,2
DA:26,2
DA:30,1
DA:34,1
DA:41,6
DA:42,4
DA:43,4
DA:45,4
DA:46,4
DA:47,2
DA:48,2
DA:49,1
DA:53,3
DA:54,4
DA:55,4
DA:58,2
DA:59,2
DA:60,2
DA:61,4
DA:64,2
DA:65,1
DA:68,2
DA:74,2
DA:78,2
DA:80,1
DA:87,6
DA:88,5
DA:89,5
DA:90,5
DA:93,5
DA:94,2
DA:95,2
DA:97,3
DA:100,5
DA:101,5
DA:102,2
DA:103,2
DA:104,1
DA:107,4
DA:108,5
DA:109,5
DA:112,4
DA:113,4
DA:114,4
DA:115,5
DA:118,4
DA:119,1
DA:122,4
DA:123,3
DA:127,3
DA:131,1
DA:138,6
DA:139,2
DA:140,2
DA:141,2
DA:142,1
DA:146,1
LF:69
LH:68
BRDA:30,0,0,1
BRDA:30,0,1,0
BRDA:46,1,0,2
BRDA:48,2,0,1
BRDA:64,3,0,1
BRDA:93,4,0,2
BRDA:93,4,1,3
BRDA:95,5,0,0
BRDA:95,5,1,2
BRDA:95,6,0,2
BRDA:95,6,1,2
BRDA:101,7,0,2
BRDA:103,8,0,1
BRDA:118,9,0,1
BRDA:127,10,0,2
BRDA:127,10,1,1
BRDA:142,11,0,1
BRDA:142,11,1,0
BRF:18
BRH:15
end_of_record
TN:
SF:src/controller/ProductController.ts
FN:8,(anonymous_8)
FN:8,(anonymous_9)
FN:19,(anonymous_10)
FN:19,(anonymous_11)
FN:35,(anonymous_12)
FN:35,(anonymous_13)
FN:51,(anonymous_14)
FN:51,(anonymous_15)
FN:71,(anonymous_16)
FN:71,(anonymous_17)
FN:89,(anonymous_18)
FN:89,(anonymous_19)
FNF:12
FNH:12
FNDA:1,(anonymous_8)
FNDA:1,(anonymous_9)
FNDA:3,(anonymous_10)
FNDA:3,(anonymous_11)
FNDA:3,(anonymous_12)
FNDA:3,(anonymous_13)
FNDA:2,(anonymous_14)
FNDA:2,(anonymous_15)
FNDA:3,(anonymous_16)
FNDA:3,(anonymous_17)
FNDA:3,(anonymous_18)
FNDA:3,(anonymous_19)
DA:2,6
DA:4,6
DA:6,6
DA:8,6
DA:9,1
DA:10,1
DA:13,1
DA:15,0
DA:19,6
DA:20,3
DA:21,3
DA:22,3
DA:25,2
DA:26,1
DA:28,1
DA:31,1
DA:35,6
DA:36,3
DA:37,3
DA:38,3
DA:41,2
DA:42,1
DA:44,1
DA:47,1
DA:51,6
DA:52,2
DA:53,2
DA:54,2
DA:62,2
DA:65,1
DA:67,1
DA:71,6
DA:72,3
DA:73,3
DA:74,3
DA:75,3
DA:76,2
DA:79,2
DA:80,1
DA:82,1
DA:85,1
DA:89,6
DA:90,3
DA:91,3
DA:92,3
DA:93,2
DA:94,1
DA:96,1
DA:99,1
LF:49
LH:48
BRDA:25,0,0,1
BRDA:25,0,1,1
BRDA:41,1,0,1
BRDA:41,1,1,1
BRDA:79,2,0,1
BRDA:79,2,1,1
BRDA:93,3,0,1
BRDA:93,3,1,1
BRF:8
BRH:8
end_of_record
TN:
SF:src/controller/UserController.ts
FN:10,(anonymous_8)
FN:10,(anonymous_9)
FN:18,(anonymous_10)
FN:18,(anonymous_11)
FN:30,(anonymous_12)
FN:30,(anonymous_13)
FN:48,(anonymous_14)
FN:48,(anonymous_15)
FN:69,(anonymous_16)
FN:69,(anonymous_17)
FNF:10
FNH:10
FNDA:1,(anonymous_8)
FNDA:1,(anonymous_9)
FNDA:3,(anonymous_10)
FNDA:3,(anonymous_11)
FNDA:2,(anonymous_12)
FNDA:2,(anonymous_13)
FNDA:3,(anonymous_14)
FNDA:3,(anonymous_15)
FNDA:3,(anonymous_16)
FNDA:3,(anonymous_17)
DA:2,6
DA:4,6
DA:5,6
DA:7,6
DA:9,6
DA:10,6
DA:11,1
DA:12,1
DA:13,1
DA:15,0
DA:18,6
DA:19,3
DA:20,3
DA:21,2
DA:22,1
DA:25,1
DA:27,1
DA:30,6
DA:31,2
DA:32,2
DA:34,2
DA:35,2
DA:37,1
DA:43,1
DA:45,1
DA:48,6
DA:49,3
DA:50,3
DA:52,3
DA:58,2
DA:60,2
DA:61,1
DA:64,1
DA:66,1
DA:69,6
DA:70,3
DA:71,3
DA:72,2
DA:73,1
DA:76,1
DA:78,1
LF:41
LH:40
BRDA:21,0,0,1
BRDA:60,1,0,1
BRDA:72,2,0,1
BRF:3
BRH:3
end_of_record
TN:
SF:src/database/config.ts
FNF:0
FNH:0
DA:1,6
DA:3,6
DA:5,6
LF:3
LH:3
BRF:0
BRH:0
end_of_record
TN:
SF:src/database/connect.ts
FN:4,(anonymous_8)
FN:4,(anonymous_9)
FNF:2
FNH:2
FNDA:6,(anonymous_8)
FNDA:6,(anonymous_9)
DA:1,6
DA:2,6
DA:4,6
DA:5,6
DA:6,6
DA:7,6
DA:10,6
DA:11,6
DA:16,6
DA:18,0
DA:19,0
DA:23,6
LF:12
LH:10
BRDA:7,0,0,0
BRDA:7,0,1,6
BRF:2
BRH:1
end_of_record
TN:
SF:src/entities/Category.ts
FNF:0
FNH:0
DA:1,6
DA:7,6
DA:15,6
LF:3
LH:3
BRF:0
BRH:0
end_of_record
TN:
SF:src/entities/Coupon.ts
FNF:0
FNH:0
DA:1,6
DA:8,6
DA:22,6
LF:3
LH:3
BRF:0
BRH:0
end_of_record
TN:
SF:src/entities/Order.ts
FNF:0
FNH:0
DA:1,6
DA:11,6
DA:20,6
LF:3
LH:3
BRF:0
BRH:0
end_of_record
TN:
SF:src/entities/Product.ts
FNF:0
FNH:0
DA:2,6
DA:13,6
DA:25,6
LF:3
LH:3
BRF:0
BRH:0
end_of_record
TN:
SF:src/entities/User.ts
FN:33,(anonymous_8)
FNF:1
FNH:1
FNDA:20,(anonymous_8)
DA:1,6
DA:2,6
DA:13,6
DA:33,6
DA:34,20
DA:36,20
DA:38,20
DA:40,20
DA:42,20
DA:46,6
LF:10
LH:10
BRDA:36,0,0,0
BRF:1
BRH:0
end_of_record
TN:
SF:src/middlewares/CheckAdmin.ts
FN:3,(anonymous_0)
FNF:1
FNH:1
FNDA:28,(anonymous_0)
DA:3,6
DA:4,28
DA:5,4
DA:7,24
LF:4
LH:4
BRDA:4,0,0,4
BRF:1
BRH:1
end_of_record
TN:
SF:src/middlewares/CheckAuth.ts
FN:6,(anonymous_1)
FNF:1
FNH:1
FNDA:47,(anonymous_1)
DA:2,6
DA:3,6
DA:4,6
DA:6,6
DA:7,47
DA:8,47
DA:9,0
DA:11,47
DA:12,47
DA:13,47
DA:14,47
DA:15,47
DA:17,0
LF:13
LH:11
BRDA:8,0,0,0
BRF:1
BRH:0
end_of_record
TN:
SF:src/routes/auth.ts
FNF:0
FNH:0
DA:1,6
DA:2,6
DA:3,6
DA:5,6
DA:7,6
DA:8,6
DA:10,6
LF:7
LH:7
BRF:0
BRH:0
end_of_record
TN:
SF:src/routes/category.ts
FNF:0
FNH:0
DA:1,6
DA:2,6
DA:3,6
DA:4,6
DA:6,6
DA:8,6
DA:9,6
DA:10,6
DA:11,6
DA:12,6
DA:15,6
LF:11
LH:11
BRF:0
BRH:0
end_of_record
TN:
SF:src/routes/coupon.ts
FNF:0
FNH:0
DA:1,6
DA:2,6
DA:3,6
DA:4,6
DA:6,6
DA:8,6
DA:9,6
DA:10,6
DA:11,6
DA:12,6
DA:15,6
LF:11
LH:11
BRF:0
BRH:0
end_of_record
TN:
SF:src/routes/index.ts
FNF:0
FNH:0
DA:1,6
DA:2,6
DA:3,6
DA:4,6
DA:5,6
DA:6,6
DA:7,6
DA:9,6
DA:11,6
DA:12,6
DA:13,6
DA:14,6
DA:15,6
DA:16,6
DA:18,6
LF:15
LH:15
BRF:0
BRH:0
end_of_record
TN:
SF:src/routes/order.ts
FNF:0
FNH:0
DA:1,6
DA:2,6
DA:4,6
DA:6,6
DA:8,6
DA:9,6
DA:10,6
DA:11,6
DA:12,6
DA:15,6
LF:10
LH:10
BRF:0
BRH:0
end_of_record
TN:
SF:src/routes/product.ts
FNF:0
FNH:0
DA:1,6
DA:2,6
DA:3,6
DA:4,6
DA:7,6
DA:9,6
DA:10,6
DA:11,6
DA:12,6
DA:13,6
DA:14,6
DA:17,6
LF:12
LH:12
BRF:0
BRH:0
end_of_record
TN:
SF:src/routes/user.ts
FNF:0
FNH:0
DA:1,6
DA:2,6
DA:3,6
DA:4,6
DA:6,6
DA:8,6
DA:9,6
DA:10,6
DA:11,6
DA:12,6
DA:15,6
LF:11
LH:11
BRF:0
BRH:0
end_of_record
